{
  "stats": {
    "suites": 1,
    "tests": 4,
    "passes": 0,
    "pending": 0,
    "failures": 4,
    "start": "2022-08-26T20:57:47.497Z",
    "end": "2022-08-26T20:57:54.323Z",
    "duration": 6826,
    "testsRegistered": 4,
    "passPercent": 0,
    "pendingPercent": 0,
    "other": 0,
    "hasOther": false,
    "skipped": 0,
    "hasSkipped": false
  },
  "results": [
    {
      "uuid": "4ac4152e-fc1a-4444-bfe7-a08c950b37d7",
      "title": "",
      "fullFile": "cypress/e2e/_requirements/05.TestCoverage.cy.js",
      "file": "cypress/e2e/_requirements/05.TestCoverage.cy.js",
      "beforeHooks": [],
      "afterHooks": [],
      "tests": [],
      "suites": [
        {
          "uuid": "933d1185-7e6c-4bd0-9bd4-ac7f2810aa24",
          "title": "5 - Desenvolva testes para atingir 60% de cobertura total da aplicação",
          "fullFile": "",
          "file": "",
          "beforeHooks": [],
          "afterHooks": [],
          "tests": [
            {
              "title": "Cobertura de \"Statements\" total deverá ser maior ou igual a 60.",
              "fullTitle": "5 - Desenvolva testes para atingir 60% de cobertura total da aplicação Cobertura de \"Statements\" total deverá ser maior ou igual a 60.",
              "timedOut": null,
              "duration": 1765,
              "state": "failed",
              "speed": null,
              "pass": false,
              "fail": true,
              "pending": false,
              "context": null,
              "code": "cy.task('getCoverage', (0, _getId.getId)()).its('total.statements.pct', {\n  timeout: 0\n}).should('be.gte', 60.00);",
              "err": {
                "message": "CypressError: `cy.task('getCoverage')` failed with the following error:\n\n> Command failed: npm run test-coverage -- --coverageReporters=\"json-summary\" --testFailureExitCode=0\n\n\nhttps://on.cypress.io/api/task",
                "estack": "CypressError: `cy.task('getCoverage')` failed with the following error:\n\n> Command failed: npm run test-coverage -- --coverageReporters=\"json-summary\" --testFailureExitCode=0\n\n\nhttps://on.cypress.io/api/task\n    at http://localhost:46833/__cypress/runner/cypress_runner.js:160502:78\n    at tryCatcher (http://localhost:46833/__cypress/runner/cypress_runner.js:13012:23)\n    at Promise._settlePromiseFromHandler (http://localhost:46833/__cypress/runner/cypress_runner.js:10947:31)\n    at Promise._settlePromise (http://localhost:46833/__cypress/runner/cypress_runner.js:11004:18)\n    at Promise._settlePromise0 (http://localhost:46833/__cypress/runner/cypress_runner.js:11049:10)\n    at Promise._settlePromises (http://localhost:46833/__cypress/runner/cypress_runner.js:11125:18)\n    at _drainQueueStep (http://localhost:46833/__cypress/runner/cypress_runner.js:7719:12)\n    at _drainQueue (http://localhost:46833/__cypress/runner/cypress_runner.js:7712:9)\n    at ../../node_modules/bluebird/js/release/async.js.Async._drainQueues (http://localhost:46833/__cypress/runner/cypress_runner.js:7728:5)\n    at Async.drainQueues (http://localhost:46833/__cypress/runner/cypress_runner.js:7598:14)\nFrom Your Spec Code:\n    at Context.eval (http://localhost:46833/__cypress/tests?p=cypress/e2e/_requirements/05.TestCoverage.cy.js:103:8)\n\nFrom Node.js Internals:\n  Error: Command failed: npm run test-coverage -- --coverageReporters=\"json-summary\" --testFailureExitCode=0\n  \n      at ChildProcess.exithandler (node:child_process:400:12)\n      at ChildProcess.emit (node:events:513:28)\n      at ChildProcess.emit (node:domain:489:12)\n      at maybeClose (node:internal/child_process:1093:16)\n      at Socket.<anonymous> (node:internal/child_process:451:11)\n      at Socket.emit (node:events:513:28)\n      at Socket.emit (node:domain:489:12)\n      at Pipe.<anonymous> (node:net:757:14)",
                "diff": null
              },
              "uuid": "29fe201b-1686-422e-81cb-1ed33aaf153d",
              "parentUUID": "933d1185-7e6c-4bd0-9bd4-ac7f2810aa24",
              "isHook": false,
              "skipped": false
            },
            {
              "title": "Cobertura de \"Functions\" total deverá ser maior ou igual a 60.",
              "fullTitle": "5 - Desenvolva testes para atingir 60% de cobertura total da aplicação Cobertura de \"Functions\" total deverá ser maior ou igual a 60.",
              "timedOut": null,
              "duration": 1571,
              "state": "failed",
              "speed": null,
              "pass": false,
              "fail": true,
              "pending": false,
              "context": null,
              "code": "cy.task('getCoverage', (0, _getId.getId)()).its('total.functions.pct', {\n  timeout: 0\n}).should('be.gte', 60.00);",
              "err": {
                "message": "CypressError: `cy.task('getCoverage')` failed with the following error:\n\n> Command failed: npm run test-coverage -- --coverageReporters=\"json-summary\" --testFailureExitCode=0\n\n\nhttps://on.cypress.io/api/task",
                "estack": "CypressError: `cy.task('getCoverage')` failed with the following error:\n\n> Command failed: npm run test-coverage -- --coverageReporters=\"json-summary\" --testFailureExitCode=0\n\n\nhttps://on.cypress.io/api/task\n    at http://localhost:46833/__cypress/runner/cypress_runner.js:160502:78\n    at tryCatcher (http://localhost:46833/__cypress/runner/cypress_runner.js:13012:23)\n    at Promise._settlePromiseFromHandler (http://localhost:46833/__cypress/runner/cypress_runner.js:10947:31)\n    at Promise._settlePromise (http://localhost:46833/__cypress/runner/cypress_runner.js:11004:18)\n    at Promise._settlePromise0 (http://localhost:46833/__cypress/runner/cypress_runner.js:11049:10)\n    at Promise._settlePromises (http://localhost:46833/__cypress/runner/cypress_runner.js:11125:18)\n    at _drainQueueStep (http://localhost:46833/__cypress/runner/cypress_runner.js:7719:12)\n    at _drainQueue (http://localhost:46833/__cypress/runner/cypress_runner.js:7712:9)\n    at ../../node_modules/bluebird/js/release/async.js.Async._drainQueues (http://localhost:46833/__cypress/runner/cypress_runner.js:7728:5)\n    at Async.drainQueues (http://localhost:46833/__cypress/runner/cypress_runner.js:7598:14)\nFrom Your Spec Code:\n    at Context.eval (http://localhost:46833/__cypress/tests?p=cypress/e2e/_requirements/05.TestCoverage.cy.js:108:8)\n\nFrom Node.js Internals:\n  Error: Command failed: npm run test-coverage -- --coverageReporters=\"json-summary\" --testFailureExitCode=0\n  \n      at ChildProcess.exithandler (node:child_process:400:12)\n      at ChildProcess.emit (node:events:513:28)\n      at ChildProcess.emit (node:domain:489:12)\n      at maybeClose (node:internal/child_process:1093:16)\n      at Process.ChildProcess._handle.onexit (node:internal/child_process:302:5)",
                "diff": null
              },
              "uuid": "93f5abc9-2935-40b6-bfc0-4039a22d2663",
              "parentUUID": "933d1185-7e6c-4bd0-9bd4-ac7f2810aa24",
              "isHook": false,
              "skipped": false
            },
            {
              "title": "Cobertura de \"Branches\" total deverá ser maior ou igual a 60.",
              "fullTitle": "5 - Desenvolva testes para atingir 60% de cobertura total da aplicação Cobertura de \"Branches\" total deverá ser maior ou igual a 60.",
              "timedOut": null,
              "duration": 1665,
              "state": "failed",
              "speed": null,
              "pass": false,
              "fail": true,
              "pending": false,
              "context": null,
              "code": "cy.task('getCoverage', (0, _getId.getId)()).its('total.branches.pct', {\n  timeout: 0\n}).should('be.gte', 60.00);",
              "err": {
                "message": "CypressError: `cy.task('getCoverage')` failed with the following error:\n\n> Command failed: npm run test-coverage -- --coverageReporters=\"json-summary\" --testFailureExitCode=0\n\n\nhttps://on.cypress.io/api/task",
                "estack": "CypressError: `cy.task('getCoverage')` failed with the following error:\n\n> Command failed: npm run test-coverage -- --coverageReporters=\"json-summary\" --testFailureExitCode=0\n\n\nhttps://on.cypress.io/api/task\n    at http://localhost:46833/__cypress/runner/cypress_runner.js:160502:78\n    at tryCatcher (http://localhost:46833/__cypress/runner/cypress_runner.js:13012:23)\n    at Promise._settlePromiseFromHandler (http://localhost:46833/__cypress/runner/cypress_runner.js:10947:31)\n    at Promise._settlePromise (http://localhost:46833/__cypress/runner/cypress_runner.js:11004:18)\n    at Promise._settlePromise0 (http://localhost:46833/__cypress/runner/cypress_runner.js:11049:10)\n    at Promise._settlePromises (http://localhost:46833/__cypress/runner/cypress_runner.js:11125:18)\n    at _drainQueueStep (http://localhost:46833/__cypress/runner/cypress_runner.js:7719:12)\n    at _drainQueue (http://localhost:46833/__cypress/runner/cypress_runner.js:7712:9)\n    at ../../node_modules/bluebird/js/release/async.js.Async._drainQueues (http://localhost:46833/__cypress/runner/cypress_runner.js:7728:5)\n    at Async.drainQueues (http://localhost:46833/__cypress/runner/cypress_runner.js:7598:14)\nFrom Your Spec Code:\n    at Context.eval (http://localhost:46833/__cypress/tests?p=cypress/e2e/_requirements/05.TestCoverage.cy.js:113:8)\n\nFrom Node.js Internals:\n  Error: Command failed: npm run test-coverage -- --coverageReporters=\"json-summary\" --testFailureExitCode=0\n  \n      at ChildProcess.exithandler (node:child_process:400:12)\n      at ChildProcess.emit (node:events:513:28)\n      at ChildProcess.emit (node:domain:489:12)\n      at maybeClose (node:internal/child_process:1093:16)\n      at Socket.<anonymous> (node:internal/child_process:451:11)\n      at Socket.emit (node:events:513:28)\n      at Socket.emit (node:domain:489:12)\n      at Pipe.<anonymous> (node:net:757:14)",
                "diff": null
              },
              "uuid": "38bccc71-99ac-4ec0-a2f0-2f160177fbac",
              "parentUUID": "933d1185-7e6c-4bd0-9bd4-ac7f2810aa24",
              "isHook": false,
              "skipped": false
            },
            {
              "title": "Cobertura de \"Lines\" total deverá ser maior ou igual a 60.",
              "fullTitle": "5 - Desenvolva testes para atingir 60% de cobertura total da aplicação Cobertura de \"Lines\" total deverá ser maior ou igual a 60.",
              "timedOut": null,
              "duration": 1635,
              "state": "failed",
              "speed": null,
              "pass": false,
              "fail": true,
              "pending": false,
              "context": null,
              "code": "cy.task('getCoverage', (0, _getId.getId)()).its('total.lines.pct', {\n  timeout: 0\n}).should('be.gte', 60.00);",
              "err": {
                "message": "CypressError: `cy.task('getCoverage')` failed with the following error:\n\n> Command failed: npm run test-coverage -- --coverageReporters=\"json-summary\" --testFailureExitCode=0\n\n\nhttps://on.cypress.io/api/task",
                "estack": "CypressError: `cy.task('getCoverage')` failed with the following error:\n\n> Command failed: npm run test-coverage -- --coverageReporters=\"json-summary\" --testFailureExitCode=0\n\n\nhttps://on.cypress.io/api/task\n    at http://localhost:46833/__cypress/runner/cypress_runner.js:160502:78\n    at tryCatcher (http://localhost:46833/__cypress/runner/cypress_runner.js:13012:23)\n    at Promise._settlePromiseFromHandler (http://localhost:46833/__cypress/runner/cypress_runner.js:10947:31)\n    at Promise._settlePromise (http://localhost:46833/__cypress/runner/cypress_runner.js:11004:18)\n    at Promise._settlePromise0 (http://localhost:46833/__cypress/runner/cypress_runner.js:11049:10)\n    at Promise._settlePromises (http://localhost:46833/__cypress/runner/cypress_runner.js:11125:18)\n    at _drainQueueStep (http://localhost:46833/__cypress/runner/cypress_runner.js:7719:12)\n    at _drainQueue (http://localhost:46833/__cypress/runner/cypress_runner.js:7712:9)\n    at ../../node_modules/bluebird/js/release/async.js.Async._drainQueues (http://localhost:46833/__cypress/runner/cypress_runner.js:7728:5)\n    at Async.drainQueues (http://localhost:46833/__cypress/runner/cypress_runner.js:7598:14)\nFrom Your Spec Code:\n    at Context.eval (http://localhost:46833/__cypress/tests?p=cypress/e2e/_requirements/05.TestCoverage.cy.js:118:8)\n\nFrom Node.js Internals:\n  Error: Command failed: npm run test-coverage -- --coverageReporters=\"json-summary\" --testFailureExitCode=0\n  \n      at ChildProcess.exithandler (node:child_process:400:12)\n      at ChildProcess.emit (node:events:513:28)\n      at ChildProcess.emit (node:domain:489:12)\n      at maybeClose (node:internal/child_process:1093:16)\n      at Socket.<anonymous> (node:internal/child_process:451:11)\n      at Socket.emit (node:events:513:28)\n      at Socket.emit (node:domain:489:12)\n      at Pipe.<anonymous> (node:net:757:14)",
                "diff": null
              },
              "uuid": "e92ce8a8-bcc6-405f-afe6-d9b5125d165a",
              "parentUUID": "933d1185-7e6c-4bd0-9bd4-ac7f2810aa24",
              "isHook": false,
              "skipped": false
            }
          ],
          "suites": [],
          "passes": [],
          "failures": [
            "29fe201b-1686-422e-81cb-1ed33aaf153d",
            "93f5abc9-2935-40b6-bfc0-4039a22d2663",
            "38bccc71-99ac-4ec0-a2f0-2f160177fbac",
            "e92ce8a8-bcc6-405f-afe6-d9b5125d165a"
          ],
          "pending": [],
          "skipped": [],
          "duration": 6636,
          "root": false,
          "rootEmpty": false,
          "_timeout": 2000
        }
      ],
      "passes": [],
      "failures": [],
      "pending": [],
      "skipped": [],
      "duration": 0,
      "root": true,
      "rootEmpty": true,
      "_timeout": 2000
    }
  ],
  "meta": {
    "mocha": {
      "version": "7.0.1"
    },
    "mochawesome": {
      "options": {
        "quiet": false,
        "reportFilename": "mochawesome",
        "saveHtml": false,
        "saveJson": true,
        "consoleReporter": "spec",
        "useInlineDiffs": false,
        "code": true
      },
      "version": "7.1.3"
    },
    "marge": {
      "options": {
        "id": "default",
        "reportDir": "cypress/reports",
        "overwrite": false,
        "html": false,
        "json": true
      },
      "version": "6.2.0"
    }
  }
}