{
  "stats": {
    "suites": 1,
    "tests": 3,
    "passes": 0,
    "pending": 0,
    "failures": 3,
    "start": "2022-08-26T20:55:06.154Z",
    "end": "2022-08-26T20:55:41.293Z",
    "duration": 35139,
    "testsRegistered": 3,
    "passPercent": 0,
    "pendingPercent": 0,
    "other": 0,
    "hasOther": false,
    "skipped": 0,
    "hasSkipped": false
  },
  "results": [
    {
      "uuid": "bbfd5eda-a793-448f-bc50-652a53a39fc7",
      "title": "",
      "fullFile": "cypress/e2e/_requirements/02.Header.cy.js",
      "file": "cypress/e2e/_requirements/02.Header.cy.js",
      "beforeHooks": [],
      "afterHooks": [],
      "tests": [],
      "suites": [
        {
          "uuid": "67b54082-f326-46fb-b6f9-c8b1ffeba874",
          "title": "2 - Crie um header para a página de carteira contendo as seguintes características:",
          "fullFile": "",
          "file": "",
          "beforeHooks": [],
          "afterHooks": [],
          "tests": [
            {
              "title": "Um elemento que exiba o email do usuário que fez login.",
              "fullTitle": "2 - Crie um header para a página de carteira contendo as seguintes características: Um elemento que exiba o email do usuário que fez login.",
              "timedOut": null,
              "duration": 11163,
              "state": "failed",
              "speed": null,
              "pass": false,
              "fail": true,
              "pending": false,
              "context": null,
              "code": "cy.getByTestId(_constants.EMAIL_FIELD_TEST_ID).should('contain', _constants.VALID_EMAIL);",
              "err": {
                "message": "AssertionError: Timed out retrying after 10000ms: Expected to find element: `[data-testid=\"email-field\"]`, but never found it.",
                "estack": "AssertionError: Timed out retrying after 10000ms: Expected to find element: `[data-testid=\"email-field\"]`, but never found it.\n    at Context.eval (http://localhost:3000/__cypress/tests?p=cypress/e2e/_requirements/02.Header.cy.js:136:52)",
                "diff": null
              },
              "uuid": "398acb2d-e0a8-4cf0-b29b-acd85421714c",
              "parentUUID": "67b54082-f326-46fb-b6f9-c8b1ffeba874",
              "isHook": false,
              "skipped": false
            },
            {
              "title": "Crie um campo com a despesa total gerada pela lista de gastos.",
              "fullTitle": "2 - Crie um header para a página de carteira contendo as seguintes características: Crie um campo com a despesa total gerada pela lista de gastos.",
              "timedOut": null,
              "duration": 10880,
              "state": "failed",
              "speed": null,
              "pass": false,
              "fail": true,
              "pending": false,
              "context": null,
              "code": "cy.getByTestId(_constants.TOTAL_FIELD_TEST_ID).should('contain', '0');",
              "err": {
                "message": "AssertionError: Timed out retrying after 10000ms: Expected to find element: `[data-testid=\"total-field\"]`, but never found it.",
                "estack": "AssertionError: Timed out retrying after 10000ms: Expected to find element: `[data-testid=\"total-field\"]`, but never found it.\n    at Context.eval (http://localhost:3000/__cypress/tests?p=cypress/e2e/_requirements/02.Header.cy.js:139:52)",
                "diff": null
              },
              "uuid": "0939f343-a565-4c09-ad47-d0a3a640b932",
              "parentUUID": "67b54082-f326-46fb-b6f9-c8b1ffeba874",
              "isHook": false,
              "skipped": false
            },
            {
              "title": "Crie um campo que mostre que qual câmbio está sendo utilizado, que será neste caso 'BRL'",
              "fullTitle": "2 - Crie um header para a página de carteira contendo as seguintes características: Crie um campo que mostre que qual câmbio está sendo utilizado, que será neste caso 'BRL'",
              "timedOut": null,
              "duration": 10931,
              "state": "failed",
              "speed": null,
              "pass": false,
              "fail": true,
              "pending": false,
              "context": null,
              "code": "cy.getByTestId(_constants.HEADER_CURRENCY_FIELD_TEST_ID).should('contain', 'BRL');",
              "err": {
                "message": "AssertionError: Timed out retrying after 10000ms: Expected to find element: `[data-testid=\"header-currency-field\"]`, but never found it.",
                "estack": "AssertionError: Timed out retrying after 10000ms: Expected to find element: `[data-testid=\"header-currency-field\"]`, but never found it.\n    at Context.eval (http://localhost:3000/__cypress/tests?p=cypress/e2e/_requirements/02.Header.cy.js:142:62)",
                "diff": null
              },
              "uuid": "9d5c4bea-3c7c-47d8-b93c-00f1d7d2cbb6",
              "parentUUID": "67b54082-f326-46fb-b6f9-c8b1ffeba874",
              "isHook": false,
              "skipped": false
            }
          ],
          "suites": [],
          "passes": [],
          "failures": [
            "398acb2d-e0a8-4cf0-b29b-acd85421714c",
            "0939f343-a565-4c09-ad47-d0a3a640b932",
            "9d5c4bea-3c7c-47d8-b93c-00f1d7d2cbb6"
          ],
          "pending": [],
          "skipped": [],
          "duration": 32974,
          "root": false,
          "rootEmpty": false,
          "_timeout": 2000
        }
      ],
      "passes": [],
      "failures": [],
      "pending": [],
      "skipped": [],
      "duration": 0,
      "root": true,
      "rootEmpty": true,
      "_timeout": 2000
    }
  ],
  "meta": {
    "mocha": {
      "version": "7.0.1"
    },
    "mochawesome": {
      "options": {
        "quiet": false,
        "reportFilename": "mochawesome",
        "saveHtml": false,
        "saveJson": true,
        "consoleReporter": "spec",
        "useInlineDiffs": false,
        "code": true
      },
      "version": "7.1.3"
    },
    "marge": {
      "options": {
        "id": "default",
        "reportDir": "cypress/reports",
        "overwrite": false,
        "html": false,
        "json": true
      },
      "version": "6.2.0"
    }
  }
}