<?xml version="1.0" encoding="UTF-8"?>
<coverage generated="1662076049786" clover="3.2.0">
  <project timestamp="1662076049786" name="All files">
    <metrics statements="159" coveredstatements="156" conditionals="54" coveredconditionals="48" methods="62" coveredmethods="61" elements="275" coveredelements="265" complexity="0" loc="159" ncloc="159" packages="6" files="19" classes="19"/>
    <package name="src">
      <metrics statements="3" coveredstatements="3" conditionals="0" coveredconditionals="0" methods="3" coveredmethods="3"/>
      <file name="App.js" path="/home/daniel/Documentos/Trybe-projetos/sd-023-b-project-trybewallet/src/App.js">
        <metrics statements="3" coveredstatements="3" conditionals="0" coveredconditionals="0" methods="3" coveredmethods="3"/>
        <line num="7" count="8" type="stmt"/>
        <line num="12" count="4" type="stmt"/>
        <line num="18" count="6" type="stmt"/>
      </file>
    </package>
    <package name="src.components">
      <metrics statements="59" coveredstatements="59" conditionals="32" coveredconditionals="32" methods="25" coveredmethods="25"/>
      <file name="Header.jsx" path="/home/daniel/Documentos/Trybe-projetos/sd-023-b-project-trybewallet/src/components/Header.jsx">
        <metrics statements="4" coveredstatements="4" conditionals="0" coveredconditionals="0" methods="2" coveredmethods="2"/>
        <line num="7" count="13" type="stmt"/>
        <line num="8" count="13" type="stmt"/>
        <line num="19" count="24" type="stmt"/>
        <line num="24" count="1" type="stmt"/>
      </file>
      <file name="RowExpense.jsx" path="/home/daniel/Documentos/Trybe-projetos/sd-023-b-project-trybewallet/src/components/RowExpense.jsx">
        <metrics statements="13" coveredstatements="13" conditionals="22" coveredconditionals="22" methods="6" coveredmethods="6"/>
        <line num="7" count="15" type="stmt"/>
        <line num="9" count="4" type="stmt"/>
        <line num="10" count="3" type="stmt"/>
        <line num="11" count="3" type="cond" truecount="2" falsecount="0"/>
        <line num="15" count="5" type="stmt"/>
        <line num="16" count="5" type="stmt"/>
        <line num="17" count="5" type="stmt"/>
        <line num="18" count="5" type="stmt"/>
        <line num="30" count="5" type="stmt"/>
        <line num="32" count="45" type="stmt"/>
        <line num="44" count="1" type="stmt"/>
        <line num="53" count="2" type="stmt"/>
        <line num="66" count="1" type="stmt"/>
      </file>
      <file name="Table.jsx" path="/home/daniel/Documentos/Trybe-projetos/sd-023-b-project-trybewallet/src/components/Table.jsx">
        <metrics statements="9" coveredstatements="9" conditionals="2" coveredconditionals="2" methods="5" coveredmethods="5"/>
        <line num="9" count="7" type="stmt"/>
        <line num="11" count="6" type="stmt"/>
        <line num="27" count="13" type="stmt"/>
        <line num="28" count="13" type="stmt"/>
        <line num="29" count="13" type="stmt"/>
        <line num="33" count="117" type="stmt"/>
        <line num="39" count="5" type="stmt"/>
        <line num="50" count="1" type="stmt"/>
        <line num="54" count="24" type="stmt"/>
      </file>
      <file name="WalletForm.jsx" path="/home/daniel/Documentos/Trybe-projetos/sd-023-b-project-trybewallet/src/components/WalletForm.jsx">
        <metrics statements="33" coveredstatements="33" conditionals="8" coveredconditionals="8" methods="12" coveredmethods="12"/>
        <line num="12" count="7" type="stmt"/>
        <line num="14" count="6" type="stmt"/>
        <line num="38" count="6" type="stmt"/>
        <line num="39" count="6" type="stmt"/>
        <line num="43" count="98" type="stmt"/>
        <line num="44" count="98" type="stmt"/>
        <line num="45" count="98" type="cond" truecount="4" falsecount="0"/>
        <line num="53" count="1" type="stmt"/>
        <line num="54" count="1" type="stmt"/>
        <line num="65" count="6" type="stmt"/>
        <line num="66" count="77" type="stmt"/>
        <line num="67" count="77" type="stmt"/>
        <line num="68" count="77" type="stmt"/>
        <line num="73" count="6" type="stmt"/>
        <line num="74" count="5" type="stmt"/>
        <line num="83" count="6" type="stmt"/>
        <line num="84" count="5" type="stmt"/>
        <line num="85" count="5" type="stmt"/>
        <line num="86" count="5" type="stmt"/>
        <line num="87" count="5" type="stmt"/>
        <line num="98" count="5" type="stmt"/>
        <line num="100" count="5" type="stmt"/>
        <line num="102" count="5" type="stmt"/>
        <line num="104" count="5" type="cond" truecount="2" falsecount="0"/>
        <line num="106" count="5" type="stmt"/>
        <line num="118" count="104" type="stmt"/>
        <line num="119" count="104" type="stmt"/>
        <line num="120" count="104" type="stmt"/>
        <line num="160" count="660" type="stmt"/>
        <line num="182" count="312" type="stmt"/>
        <line num="204" count="520" type="stmt"/>
        <line num="224" count="24" type="stmt"/>
        <line num="231" count="1" type="stmt"/>
      </file>
    </package>
    <package name="src.helps">
      <metrics statements="39" coveredstatements="38" conditionals="10" coveredconditionals="4" methods="13" coveredmethods="13"/>
      <file name="deletExpense.js" path="/home/daniel/Documentos/Trybe-projetos/sd-023-b-project-trybewallet/src/helps/deletExpense.js">
        <metrics statements="2" coveredstatements="2" conditionals="0" coveredconditionals="0" methods="2" coveredmethods="2"/>
        <line num="2" count="2" type="stmt"/>
        <line num="3" count="2" type="stmt"/>
      </file>
      <file name="editExpense.js" path="/home/daniel/Documentos/Trybe-projetos/sd-023-b-project-trybewallet/src/helps/editExpense.js">
        <metrics statements="3" coveredstatements="3" conditionals="2" coveredconditionals="1" methods="2" coveredmethods="2"/>
        <line num="2" count="2" type="stmt"/>
        <line num="3" count="2" type="cond" truecount="1" falsecount="1"/>
        <line num="4" count="2" type="stmt"/>
      </file>
      <file name="emailValidation.js" path="/home/daniel/Documentos/Trybe-projetos/sd-023-b-project-trybewallet/src/helps/emailValidation.js">
        <metrics statements="2" coveredstatements="2" conditionals="0" coveredconditionals="0" methods="1" coveredmethods="1"/>
        <line num="2" count="50" type="stmt"/>
        <line num="3" count="50" type="stmt"/>
      </file>
      <file name="index.js" path="/home/daniel/Documentos/Trybe-projetos/sd-023-b-project-trybewallet/src/helps/index.js">
        <metrics statements="23" coveredstatements="23" conditionals="8" coveredconditionals="3" methods="6" coveredmethods="6"/>
        <line num="3" count="1" type="stmt"/>
        <line num="6" count="4" type="stmt"/>
        <line num="7" count="4" type="stmt"/>
        <line num="8" count="4" type="stmt"/>
        <line num="12" count="4" type="stmt"/>
        <line num="13" count="4" type="cond" truecount="1" falsecount="1"/>
        <line num="14" count="4" type="stmt"/>
        <line num="15" count="4" type="stmt"/>
        <line num="20" count="1" type="stmt"/>
        <line num="21" count="1" type="stmt"/>
        <line num="22" count="1" type="cond" truecount="1" falsecount="1"/>
        <line num="23" count="1" type="stmt"/>
        <line num="24" count="1" type="cond" truecount="1" falsecount="1"/>
        <line num="25" count="1" type="stmt"/>
        <line num="26" count="1" type="stmt"/>
        <line num="30" count="1" type="stmt"/>
        <line num="34" count="2" type="stmt"/>
        <line num="35" count="2" type="stmt"/>
        <line num="36" count="2" type="stmt"/>
        <line num="39" count="1" type="stmt"/>
        <line num="45" count="1" type="stmt"/>
        <line num="46" count="1" type="stmt"/>
        <line num="47" count="1" type="stmt"/>
      </file>
      <file name="passwordValidation.js" path="/home/daniel/Documentos/Trybe-projetos/sd-023-b-project-trybewallet/src/helps/passwordValidation.js">
        <metrics statements="3" coveredstatements="3" conditionals="0" coveredconditionals="0" methods="1" coveredmethods="1"/>
        <line num="2" count="18" type="stmt"/>
        <line num="3" count="18" type="stmt"/>
        <line num="4" count="18" type="stmt"/>
      </file>
      <file name="requestExchangeRate.js" path="/home/daniel/Documentos/Trybe-projetos/sd-023-b-project-trybewallet/src/helps/requestExchangeRate.js">
        <metrics statements="6" coveredstatements="5" conditionals="0" coveredconditionals="0" methods="1" coveredmethods="1"/>
        <line num="2" count="5" type="stmt"/>
        <line num="3" count="5" type="stmt"/>
        <line num="4" count="5" type="stmt"/>
        <line num="5" count="5" type="stmt"/>
        <line num="6" count="5" type="stmt"/>
        <line num="8" count="0" type="stmt"/>
      </file>
    </package>
    <package name="src.pages">
      <metrics statements="20" coveredstatements="20" conditionals="2" coveredconditionals="2" methods="8" coveredmethods="8"/>
      <file name="Login.jsx" path="/home/daniel/Documentos/Trybe-projetos/sd-023-b-project-trybewallet/src/pages/Login.jsx">
        <metrics statements="18" coveredstatements="18" conditionals="2" coveredconditionals="2" methods="6" coveredmethods="6"/>
        <line num="10" count="7" type="stmt"/>
        <line num="12" count="6" type="stmt"/>
        <line num="19" count="6" type="stmt"/>
        <line num="20" count="1" type="stmt"/>
        <line num="21" count="1" type="stmt"/>
        <line num="22" count="1" type="stmt"/>
        <line num="25" count="6" type="stmt"/>
        <line num="26" count="50" type="stmt"/>
        <line num="27" count="50" type="cond" truecount="2" falsecount="0"/>
        <line num="28" count="50" type="stmt"/>
        <line num="31" count="6" type="stmt"/>
        <line num="32" count="50" type="stmt"/>
        <line num="33" count="50" type="stmt"/>
        <line num="34" count="50" type="stmt"/>
        <line num="36" count="50" type="stmt"/>
        <line num="40" count="106" type="stmt"/>
        <line num="41" count="106" type="stmt"/>
        <line num="82" count="1" type="stmt"/>
      </file>
      <file name="Wallet.jsx" path="/home/daniel/Documentos/Trybe-projetos/sd-023-b-project-trybewallet/src/pages/Wallet.jsx">
        <metrics statements="2" coveredstatements="2" conditionals="0" coveredconditionals="0" methods="2" coveredmethods="2"/>
        <line num="9" count="6" type="stmt"/>
        <line num="19" count="24" type="stmt"/>
      </file>
    </package>
    <package name="src.redux.actions">
      <metrics statements="24" coveredstatements="22" conditionals="0" coveredconditionals="0" methods="10" coveredmethods="9"/>
      <file name="deleteOrEditExpense.js" path="/home/daniel/Documentos/Trybe-projetos/sd-023-b-project-trybewallet/src/redux/actions/deleteOrEditExpense.js">
        <metrics statements="6" coveredstatements="6" conditionals="0" coveredconditionals="0" methods="3" coveredmethods="3"/>
        <line num="1" count="1" type="stmt"/>
        <line num="2" count="1" type="stmt"/>
        <line num="3" count="1" type="stmt"/>
        <line num="5" count="2" type="stmt"/>
        <line num="10" count="1" type="stmt"/>
        <line num="15" count="1" type="stmt"/>
      </file>
      <file name="index.js" path="/home/daniel/Documentos/Trybe-projetos/sd-023-b-project-trybewallet/src/redux/actions/index.js">
        <metrics statements="4" coveredstatements="4" conditionals="0" coveredconditionals="0" methods="2" coveredmethods="2"/>
        <line num="2" count="1" type="stmt"/>
        <line num="3" count="1" type="stmt"/>
        <line num="6" count="1" type="stmt"/>
        <line num="13" count="4" type="stmt"/>
      </file>
      <file name="requestCurrencys.js" path="/home/daniel/Documentos/Trybe-projetos/sd-023-b-project-trybewallet/src/redux/actions/requestCurrencys.js">
        <metrics statements="14" coveredstatements="12" conditionals="0" coveredconditionals="0" methods="5" coveredmethods="4"/>
        <line num="1" count="1" type="stmt"/>
        <line num="2" count="1" type="stmt"/>
        <line num="3" count="1" type="stmt"/>
        <line num="6" count="6" type="stmt"/>
        <line num="12" count="4" type="stmt"/>
        <line num="19" count="0" type="stmt"/>
        <line num="26" count="6" type="stmt"/>
        <line num="27" count="6" type="stmt"/>
        <line num="28" count="6" type="stmt"/>
        <line num="29" count="6" type="stmt"/>
        <line num="30" count="6" type="stmt"/>
        <line num="31" count="4" type="stmt"/>
        <line num="32" count="4" type="stmt"/>
        <line num="34" count="0" type="stmt"/>
      </file>
    </package>
    <package name="src.redux.reducers">
      <metrics statements="14" coveredstatements="14" conditionals="10" coveredconditionals="10" methods="3" coveredmethods="3"/>
      <file name="index.js" path="/home/daniel/Documentos/Trybe-projetos/sd-023-b-project-trybewallet/src/redux/reducers/index.js">
        <metrics statements="1" coveredstatements="1" conditionals="0" coveredconditionals="0" methods="0" coveredmethods="0"/>
        <line num="7" count="1" type="stmt"/>
      </file>
      <file name="user.js" path="/home/daniel/Documentos/Trybe-projetos/sd-023-b-project-trybewallet/src/redux/reducers/user.js">
        <metrics statements="4" coveredstatements="4" conditionals="3" coveredconditionals="3" methods="1" coveredmethods="1"/>
        <line num="4" count="1" type="stmt"/>
        <line num="9" count="30" type="cond" truecount="2" falsecount="0"/>
        <line num="11" count="1" type="stmt"/>
        <line num="16" count="29" type="stmt"/>
      </file>
      <file name="wallet.js" path="/home/daniel/Documentos/Trybe-projetos/sd-023-b-project-trybewallet/src/redux/reducers/wallet.js">
        <metrics statements="9" coveredstatements="9" conditionals="7" coveredconditionals="7" methods="2" coveredmethods="2"/>
        <line num="15" count="1" type="stmt"/>
        <line num="25" count="30" type="cond" truecount="6" falsecount="0"/>
        <line num="27" count="4" type="stmt"/>
        <line num="29" count="64" type="stmt"/>
        <line num="32" count="4" type="stmt"/>
        <line num="39" count="1" type="stmt"/>
        <line num="46" count="1" type="stmt"/>
        <line num="52" count="2" type="stmt"/>
        <line num="58" count="18" type="stmt"/>
      </file>
    </package>
  </project>
</coverage>
