{"/home/daniel/Documentos/Trybe-projetos/sd-023-b-project-trybewallet/src/App.js": {"path":"/home/daniel/Documentos/Trybe-projetos/sd-023-b-project-trybewallet/src/App.js","statementMap":{"0":{"start":{"line":7,"column":2},"end":{"line":22,"column":4}},"1":{"start":{"line":12,"column":28},"end":{"line":12,"column":61}},"2":{"start":{"line":18,"column":28},"end":{"line":18,"column":61}}},"fnMap":{"0":{"name":"App","decl":{"start":{"line":6,"column":9},"end":{"line":6,"column":12}},"loc":{"start":{"line":6,"column":15},"end":{"line":23,"column":1}},"line":6},"1":{"name":"(anonymous_1)","decl":{"start":{"line":12,"column":17},"end":{"line":12,"column":18}},"loc":{"start":{"line":12,"column":28},"end":{"line":12,"column":61}},"line":12},"2":{"name":"(anonymous_2)","decl":{"start":{"line":18,"column":17},"end":{"line":18,"column":18}},"loc":{"start":{"line":18,"column":28},"end":{"line":18,"column":61}},"line":18}},"branchMap":{},"s":{"0":8,"1":4,"2":6},"f":{"0":8,"1":4,"2":6},"b":{},"_coverageSchema":"1a1c01bbd47fc00a2c39e90264f33305004495a9","hash":"732e2f9b58b6460ea8bf328a12df86986168a022"}
,"/home/daniel/Documentos/Trybe-projetos/sd-023-b-project-trybewallet/src/components/Header.jsx": {"path":"/home/daniel/Documentos/Trybe-projetos/sd-023-b-project-trybewallet/src/components/Header.jsx","statementMap":{"0":{"start":{"line":7,"column":30},"end":{"line":7,"column":40}},"1":{"start":{"line":8,"column":4},"end":{"line":15,"column":6}},"2":{"start":{"line":19,"column":24},"end":{"line":22,"column":2}},"3":{"start":{"line":19,"column":36},"end":{"line":22,"column":1}},"4":{"start":{"line":24,"column":0},"end":{"line":27,"column":2}}},"fnMap":{"0":{"name":"(anonymous_0)","decl":{"start":{"line":6,"column":2},"end":{"line":6,"column":3}},"loc":{"start":{"line":6,"column":11},"end":{"line":16,"column":3}},"line":6},"1":{"name":"(anonymous_1)","decl":{"start":{"line":19,"column":24},"end":{"line":19,"column":25}},"loc":{"start":{"line":19,"column":36},"end":{"line":22,"column":1}},"line":19}},"branchMap":{},"s":{"0":13,"1":13,"2":1,"3":24,"4":1},"f":{"0":13,"1":24},"b":{},"_coverageSchema":"1a1c01bbd47fc00a2c39e90264f33305004495a9","hash":"ded840bdc6cb46a1def616b71b4c00f526f235bb"}
,"/home/daniel/Documentos/Trybe-projetos/sd-023-b-project-trybewallet/src/components/RowExpense.jsx": {"path":"/home/daniel/Documentos/Trybe-projetos/sd-023-b-project-trybewallet/src/components/RowExpense.jsx","statementMap":{"0":{"start":{"line":7,"column":11},"end":{"line":7,"column":50}},"1":{"start":{"line":7,"column":24},"end":{"line":7,"column":50}},"2":{"start":{"line":9,"column":16},"end":{"line":12,"column":3}},"3":{"start":{"line":10,"column":25},"end":{"line":10,"column":35}},"4":{"start":{"line":11,"column":4},"end":{"line":11,"column":82}},"5":{"start":{"line":15,"column":24},"end":{"line":15,"column":40}},"6":{"start":{"line":16,"column":24},"end":{"line":16,"column":34}},"7":{"start":{"line":17,"column":73},"end":{"line":17,"column":80}},"8":{"start":{"line":18,"column":17},"end":{"line":28,"column":5}},"9":{"start":{"line":30,"column":4},"end":{"line":62,"column":6}},"10":{"start":{"line":32,"column":8},"end":{"line":60,"column":13}},"11":{"start":{"line":44,"column":30},"end":{"line":44,"column":63}},"12":{"start":{"line":53,"column":30},"end":{"line":53,"column":64}},"13":{"start":{"line":66,"column":0},"end":{"line":69,"column":2}}},"fnMap":{"0":{"name":"(anonymous_0)","decl":{"start":{"line":7,"column":11},"end":{"line":7,"column":12}},"loc":{"start":{"line":7,"column":24},"end":{"line":7,"column":50}},"line":7},"1":{"name":"(anonymous_1)","decl":{"start":{"line":9,"column":16},"end":{"line":9,"column":17}},"loc":{"start":{"line":9,"column":36},"end":{"line":12,"column":3}},"line":9},"2":{"name":"(anonymous_2)","decl":{"start":{"line":14,"column":2},"end":{"line":14,"column":3}},"loc":{"start":{"line":14,"column":11},"end":{"line":63,"column":3}},"line":14},"3":{"name":"(anonymous_3)","decl":{"start":{"line":31,"column":15},"end":{"line":31,"column":16}},"loc":{"start":{"line":32,"column":8},"end":{"line":60,"column":13}},"line":32},"4":{"name":"(anonymous_4)","decl":{"start":{"line":44,"column":24},"end":{"line":44,"column":25}},"loc":{"start":{"line":44,"column":30},"end":{"line":44,"column":63}},"line":44},"5":{"name":"(anonymous_5)","decl":{"start":{"line":53,"column":24},"end":{"line":53,"column":25}},"loc":{"start":{"line":53,"column":30},"end":{"line":53,"column":64}},"line":53}},"branchMap":{"0":{"loc":{"start":{"line":11,"column":13},"end":{"line":11,"column":80}},"type":"cond-expr","locations":[{"start":{"line":11,"column":33},"end":{"line":11,"column":54}},{"start":{"line":11,"column":57},"end":{"line":11,"column":80}}],"line":11},"1":{"loc":{"start":{"line":33,"column":11},"end":{"line":33,"column":37}},"type":"binary-expr","locations":[{"start":{"line":33,"column":11},"end":{"line":33,"column":30}},{"start":{"line":33,"column":34},"end":{"line":33,"column":37}}],"line":33},"2":{"loc":{"start":{"line":34,"column":11},"end":{"line":34,"column":29}},"type":"binary-expr","locations":[{"start":{"line":34,"column":11},"end":{"line":34,"column":22}},{"start":{"line":34,"column":26},"end":{"line":34,"column":29}}],"line":34},"3":{"loc":{"start":{"line":35,"column":11},"end":{"line":35,"column":32}},"type":"binary-expr","locations":[{"start":{"line":35,"column":11},"end":{"line":35,"column":25}},{"start":{"line":35,"column":29},"end":{"line":35,"column":32}}],"line":35},"4":{"loc":{"start":{"line":36,"column":11},"end":{"line":36,"column":44}},"type":"binary-expr","locations":[{"start":{"line":36,"column":11},"end":{"line":36,"column":24}},{"start":{"line":36,"column":28},"end":{"line":36,"column":44}}],"line":36},"5":{"loc":{"start":{"line":37,"column":11},"end":{"line":37,"column":59}},"type":"binary-expr","locations":[{"start":{"line":37,"column":11},"end":{"line":37,"column":27}},{"start":{"line":37,"column":31},"end":{"line":37,"column":59}}],"line":37},"6":{"loc":{"start":{"line":38,"column":11},"end":{"line":38,"column":68}},"type":"binary-expr","locations":[{"start":{"line":38,"column":11},"end":{"line":38,"column":24}},{"start":{"line":38,"column":28},"end":{"line":38,"column":68}}],"line":38},"7":{"loc":{"start":{"line":39,"column":11},"end":{"line":40,"column":77}},"type":"binary-expr","locations":[{"start":{"line":39,"column":11},"end":{"line":39,"column":30}},{"start":{"line":40,"column":12},"end":{"line":40,"column":76}}],"line":39},"8":{"loc":{"start":{"line":41,"column":11},"end":{"line":41,"column":49}},"type":"binary-expr","locations":[{"start":{"line":41,"column":11},"end":{"line":41,"column":39}},{"start":{"line":41,"column":43},"end":{"line":41,"column":49}}],"line":41},"9":{"loc":{"start":{"line":42,"column":11},"end":{"line":50,"column":11}},"type":"binary-expr","locations":[{"start":{"line":42,"column":11},"end":{"line":42,"column":30}},{"start":{"line":43,"column":12},"end":{"line":49,"column":21}}],"line":42},"10":{"loc":{"start":{"line":51,"column":11},"end":{"line":59,"column":11}},"type":"binary-expr","locations":[{"start":{"line":51,"column":11},"end":{"line":51,"column":30}},{"start":{"line":52,"column":12},"end":{"line":58,"column":21}}],"line":51}},"s":{"0":4,"1":15,"2":4,"3":3,"4":3,"5":5,"6":5,"7":5,"8":5,"9":5,"10":45,"11":1,"12":2,"13":1},"f":{"0":15,"1":3,"2":5,"3":45,"4":1,"5":2},"b":{"0":[2,1],"1":[45,5],"2":[45,5],"3":[45,5],"4":[45,5],"5":[45,5],"6":[45,5],"7":[45,5],"8":[45,5],"9":[45,5],"10":[45,5]},"_coverageSchema":"1a1c01bbd47fc00a2c39e90264f33305004495a9","hash":"74afde1468444acf483d014b38e440e4a703b8d8"}
,"/home/daniel/Documentos/Trybe-projetos/sd-023-b-project-trybewallet/src/components/Table.jsx": {"path":"/home/daniel/Documentos/Trybe-projetos/sd-023-b-project-trybewallet/src/components/Table.jsx","statementMap":{"0":{"start":{"line":9,"column":4},"end":{"line":9,"column":12}},"1":{"start":{"line":11,"column":4},"end":{"line":23,"column":6}},"2":{"start":{"line":27,"column":34},"end":{"line":27,"column":44}},"3":{"start":{"line":28,"column":25},"end":{"line":28,"column":35}},"4":{"start":{"line":29,"column":4},"end":{"line":46,"column":6}},"5":{"start":{"line":33,"column":12},"end":{"line":33,"column":42}},"6":{"start":{"line":39,"column":14},"end":{"line":41,"column":19}},"7":{"start":{"line":50,"column":0},"end":{"line":52,"column":2}},"8":{"start":{"line":54,"column":24},"end":{"line":56,"column":2}},"9":{"start":{"line":54,"column":36},"end":{"line":56,"column":1}}},"fnMap":{"0":{"name":"(anonymous_0)","decl":{"start":{"line":8,"column":2},"end":{"line":8,"column":3}},"loc":{"start":{"line":8,"column":16},"end":{"line":24,"column":3}},"line":8},"1":{"name":"(anonymous_1)","decl":{"start":{"line":26,"column":2},"end":{"line":26,"column":3}},"loc":{"start":{"line":26,"column":11},"end":{"line":47,"column":3}},"line":26},"2":{"name":"(anonymous_2)","decl":{"start":{"line":32,"column":33},"end":{"line":32,"column":34}},"loc":{"start":{"line":33,"column":12},"end":{"line":33,"column":42}},"line":33},"3":{"name":"(anonymous_3)","decl":{"start":{"line":38,"column":25},"end":{"line":38,"column":26}},"loc":{"start":{"line":39,"column":14},"end":{"line":41,"column":19}},"line":39},"4":{"name":"(anonymous_4)","decl":{"start":{"line":54,"column":24},"end":{"line":54,"column":25}},"loc":{"start":{"line":54,"column":36},"end":{"line":56,"column":1}},"line":54}},"branchMap":{"0":{"loc":{"start":{"line":37,"column":11},"end":{"line":43,"column":11}},"type":"binary-expr","locations":[{"start":{"line":37,"column":11},"end":{"line":37,"column":30}},{"start":{"line":38,"column":12},"end":{"line":42,"column":14}}],"line":37}},"s":{"0":7,"1":6,"2":13,"3":13,"4":13,"5":117,"6":5,"7":1,"8":1,"9":24},"f":{"0":7,"1":13,"2":117,"3":5,"4":24},"b":{"0":[13,5]},"_coverageSchema":"1a1c01bbd47fc00a2c39e90264f33305004495a9","hash":"d72c0b0191836072c33192a979c06feccbdba540"}
,"/home/daniel/Documentos/Trybe-projetos/sd-023-b-project-trybewallet/src/components/WalletForm.jsx": {"path":"/home/daniel/Documentos/Trybe-projetos/sd-023-b-project-trybewallet/src/components/WalletForm.jsx","statementMap":{"0":{"start":{"line":12,"column":4},"end":{"line":12,"column":12}},"1":{"start":{"line":14,"column":4},"end":{"line":34,"column":6}},"2":{"start":{"line":38,"column":25},"end":{"line":38,"column":35}},"3":{"start":{"line":39,"column":4},"end":{"line":39,"column":35}},"4":{"start":{"line":43,"column":46},"end":{"line":43,"column":56}},"5":{"start":{"line":44,"column":43},"end":{"line":44,"column":52}},"6":{"start":{"line":45,"column":4},"end":{"line":62,"column":5}},"7":{"start":{"line":53,"column":10},"end":{"line":53,"column":24}},"8":{"start":{"line":54,"column":6},"end":{"line":61,"column":9}},"9":{"start":{"line":65,"column":17},"end":{"line":71,"column":3}},"10":{"start":{"line":66,"column":21},"end":{"line":66,"column":27}},"11":{"start":{"line":67,"column":22},"end":{"line":67,"column":28}},"12":{"start":{"line":68,"column":4},"end":{"line":70,"column":7}},"13":{"start":{"line":73,"column":21},"end":{"line":81,"column":3}},"14":{"start":{"line":74,"column":4},"end":{"line":80,"column":7}},"15":{"start":{"line":83,"column":17},"end":{"line":107,"column":3}},"16":{"start":{"line":84,"column":4},"end":{"line":84,"column":27}},"17":{"start":{"line":85,"column":47},"end":{"line":85,"column":57}},"18":{"start":{"line":86,"column":21},"end":{"line":86,"column":48}},"19":{"start":{"line":87,"column":4},"end":{"line":105,"column":7}},"20":{"start":{"line":98,"column":10},"end":{"line":98,"column":20}},"21":{"start":{"line":100,"column":25},"end":{"line":101,"column":78}},"22":{"start":{"line":102,"column":26},"end":{"line":103,"column":70}},"23":{"start":{"line":104,"column":6},"end":{"line":104,"column":77}},"24":{"start":{"line":106,"column":4},"end":{"line":106,"column":28}},"25":{"start":{"line":118,"column":8},"end":{"line":118,"column":18}},"26":{"start":{"line":119,"column":37},"end":{"line":119,"column":47}},"27":{"start":{"line":120,"column":4},"end":{"line":220,"column":6}},"28":{"start":{"line":160,"column":16},"end":{"line":165,"column":25}},"29":{"start":{"line":182,"column":16},"end":{"line":187,"column":25}},"30":{"start":{"line":204,"column":16},"end":{"line":209,"column":25}},"31":{"start":{"line":224,"column":24},"end":{"line":229,"column":2}},"32":{"start":{"line":224,"column":36},"end":{"line":229,"column":1}},"33":{"start":{"line":231,"column":0},"end":{"line":237,"column":2}}},"fnMap":{"0":{"name":"(anonymous_0)","decl":{"start":{"line":11,"column":2},"end":{"line":11,"column":3}},"loc":{"start":{"line":11,"column":16},"end":{"line":35,"column":3}},"line":11},"1":{"name":"(anonymous_1)","decl":{"start":{"line":37,"column":2},"end":{"line":37,"column":3}},"loc":{"start":{"line":37,"column":22},"end":{"line":40,"column":3}},"line":37},"2":{"name":"(anonymous_2)","decl":{"start":{"line":42,"column":2},"end":{"line":42,"column":3}},"loc":{"start":{"line":42,"column":32},"end":{"line":63,"column":3}},"line":42},"3":{"name":"(anonymous_3)","decl":{"start":{"line":65,"column":17},"end":{"line":65,"column":18}},"loc":{"start":{"line":65,"column":33},"end":{"line":71,"column":3}},"line":65},"4":{"name":"(anonymous_4)","decl":{"start":{"line":73,"column":21},"end":{"line":73,"column":22}},"loc":{"start":{"line":73,"column":27},"end":{"line":81,"column":3}},"line":73},"5":{"name":"(anonymous_5)","decl":{"start":{"line":83,"column":17},"end":{"line":83,"column":18}},"loc":{"start":{"line":83,"column":34},"end":{"line":107,"column":3}},"line":83},"6":{"name":"(anonymous_6)","decl":{"start":{"line":89,"column":7},"end":{"line":89,"column":8}},"loc":{"start":{"line":89,"column":13},"end":{"line":105,"column":5}},"line":89},"7":{"name":"(anonymous_7)","decl":{"start":{"line":109,"column":2},"end":{"line":109,"column":3}},"loc":{"start":{"line":109,"column":11},"end":{"line":221,"column":3}},"line":109},"8":{"name":"(anonymous_8)","decl":{"start":{"line":159,"column":29},"end":{"line":159,"column":30}},"loc":{"start":{"line":160,"column":16},"end":{"line":165,"column":25}},"line":160},"9":{"name":"(anonymous_9)","decl":{"start":{"line":181,"column":32},"end":{"line":181,"column":33}},"loc":{"start":{"line":182,"column":16},"end":{"line":187,"column":25}},"line":182},"10":{"name":"(anonymous_10)","decl":{"start":{"line":203,"column":34},"end":{"line":203,"column":35}},"loc":{"start":{"line":204,"column":16},"end":{"line":209,"column":25}},"line":204},"11":{"name":"(anonymous_11)","decl":{"start":{"line":224,"column":24},"end":{"line":224,"column":25}},"loc":{"start":{"line":224,"column":36},"end":{"line":229,"column":1}},"line":224}},"branchMap":{"0":{"loc":{"start":{"line":45,"column":4},"end":{"line":62,"column":5}},"type":"if","locations":[{"start":{"line":45,"column":4},"end":{"line":62,"column":5}},{"start":{},"end":{}}],"line":45},"1":{"loc":{"start":{"line":45,"column":8},"end":{"line":45,"column":66}},"type":"binary-expr","locations":[{"start":{"line":45,"column":8},"end":{"line":45,"column":32}},{"start":{"line":45,"column":36},"end":{"line":45,"column":66}}],"line":45},"2":{"loc":{"start":{"line":104,"column":15},"end":{"line":104,"column":75}},"type":"cond-expr","locations":[{"start":{"line":104,"column":26},"end":{"line":104,"column":50}},{"start":{"line":104,"column":53},"end":{"line":104,"column":75}}],"line":104},"3":{"loc":{"start":{"line":216,"column":12},"end":{"line":216,"column":61}},"type":"cond-expr","locations":[{"start":{"line":216,"column":23},"end":{"line":216,"column":39}},{"start":{"line":216,"column":42},"end":{"line":216,"column":61}}],"line":216}},"s":{"0":7,"1":6,"2":6,"3":6,"4":98,"5":98,"6":98,"7":1,"8":1,"9":6,"10":77,"11":77,"12":77,"13":6,"14":5,"15":6,"16":5,"17":5,"18":5,"19":5,"20":5,"21":5,"22":5,"23":5,"24":5,"25":104,"26":104,"27":104,"28":660,"29":312,"30":520,"31":1,"32":24,"33":1},"f":{"0":7,"1":6,"2":98,"3":77,"4":5,"5":5,"6":5,"7":104,"8":660,"9":312,"10":520,"11":24},"b":{"0":[1,97],"1":[98,10],"2":[1,4],"3":[26,78]},"_coverageSchema":"1a1c01bbd47fc00a2c39e90264f33305004495a9","hash":"f0d173bb043eac6ac8abbe5312167840be2bf3de"}
,"/home/daniel/Documentos/Trybe-projetos/sd-023-b-project-trybewallet/src/helps/deletExpense.js": {"path":"/home/daniel/Documentos/Trybe-projetos/sd-023-b-project-trybewallet/src/helps/deletExpense.js","statementMap":{"0":{"start":{"line":2,"column":21},"end":{"line":2,"column":76}},"1":{"start":{"line":2,"column":50},"end":{"line":2,"column":75}},"2":{"start":{"line":3,"column":2},"end":{"line":3,"column":20}}},"fnMap":{"0":{"name":"deletExpenses","decl":{"start":{"line":1,"column":9},"end":{"line":1,"column":22}},"loc":{"start":{"line":1,"column":42},"end":{"line":4,"column":1}},"line":1},"1":{"name":"(anonymous_1)","decl":{"start":{"line":2,"column":37},"end":{"line":2,"column":38}},"loc":{"start":{"line":2,"column":50},"end":{"line":2,"column":75}},"line":2}},"branchMap":{},"s":{"0":2,"1":2,"2":2},"f":{"0":2,"1":2},"b":{},"_coverageSchema":"1a1c01bbd47fc00a2c39e90264f33305004495a9","hash":"f8cf5f415ae49ec8440a897da385c8deca9bae1d"}
,"/home/daniel/Documentos/Trybe-projetos/sd-023-b-project-trybewallet/src/helps/editExpense.js": {"path":"/home/daniel/Documentos/Trybe-projetos/sd-023-b-project-trybewallet/src/helps/editExpense.js","statementMap":{"0":{"start":{"line":2,"column":21},"end":{"line":3,"column":51}},"1":{"start":{"line":3,"column":4},"end":{"line":3,"column":49}},"2":{"start":{"line":4,"column":2},"end":{"line":4,"column":20}}},"fnMap":{"0":{"name":"editExpenses","decl":{"start":{"line":1,"column":9},"end":{"line":1,"column":21}},"loc":{"start":{"line":1,"column":41},"end":{"line":5,"column":1}},"line":1},"1":{"name":"(anonymous_1)","decl":{"start":{"line":2,"column":34},"end":{"line":2,"column":35}},"loc":{"start":{"line":3,"column":4},"end":{"line":3,"column":49}},"line":3}},"branchMap":{"0":{"loc":{"start":{"line":3,"column":4},"end":{"line":3,"column":49}},"type":"cond-expr","locations":[{"start":{"line":3,"column":32},"end":{"line":3,"column":39}},{"start":{"line":3,"column":42},"end":{"line":3,"column":49}}],"line":3}},"s":{"0":2,"1":2,"2":2},"f":{"0":2,"1":2},"b":{"0":[2,0]},"_coverageSchema":"1a1c01bbd47fc00a2c39e90264f33305004495a9","hash":"4d50a0b394c9c7156e6ebbd30e0fe098d50acb8c"}
,"/home/daniel/Documentos/Trybe-projetos/sd-023-b-project-trybewallet/src/helps/emailValidation.js": {"path":"/home/daniel/Documentos/Trybe-projetos/sd-023-b-project-trybewallet/src/helps/emailValidation.js","statementMap":{"0":{"start":{"line":2,"column":16},"end":{"line":2,"column":30}},"1":{"start":{"line":3,"column":2},"end":{"line":3,"column":27}}},"fnMap":{"0":{"name":"validateEmail","decl":{"start":{"line":1,"column":9},"end":{"line":1,"column":22}},"loc":{"start":{"line":1,"column":30},"end":{"line":4,"column":1}},"line":1}},"branchMap":{},"s":{"0":50,"1":50},"f":{"0":50},"b":{},"_coverageSchema":"1a1c01bbd47fc00a2c39e90264f33305004495a9","hash":"f2eeafa2a53ee47bfefb504db3bdc1278cb99389"}
,"/home/daniel/Documentos/Trybe-projetos/sd-023-b-project-trybewallet/src/helps/index.js": {"path":"/home/daniel/Documentos/Trybe-projetos/sd-023-b-project-trybewallet/src/helps/index.js","statementMap":{"0":{"start":{"line":3,"column":27},"end":{"line":3,"column":40}},"1":{"start":{"line":6,"column":18},"end":{"line":6,"column":21}},"2":{"start":{"line":7,"column":2},"end":{"line":7,"column":25}},"3":{"start":{"line":8,"column":2},"end":{"line":8,"column":19}},"4":{"start":{"line":12,"column":45},"end":{"line":12,"column":54}},"5":{"start":{"line":13,"column":2},"end":{"line":16,"column":3}},"6":{"start":{"line":14,"column":20},"end":{"line":14,"column":43}},"7":{"start":{"line":15,"column":4},"end":{"line":15,"column":52}},"8":{"start":{"line":20,"column":15},"end":{"line":20,"column":16}},"9":{"start":{"line":21,"column":2},"end":{"line":29,"column":5}},"10":{"start":{"line":22,"column":4},"end":{"line":28,"column":5}},"11":{"start":{"line":23,"column":49},"end":{"line":23,"column":56}},"12":{"start":{"line":24,"column":6},"end":{"line":27,"column":7}},"13":{"start":{"line":25,"column":24},"end":{"line":25,"column":47}},"14":{"start":{"line":26,"column":8},"end":{"line":26,"column":32}},"15":{"start":{"line":30,"column":2},"end":{"line":30,"column":27}},"16":{"start":{"line":34,"column":45},"end":{"line":34,"column":54}},"17":{"start":{"line":35,"column":18},"end":{"line":35,"column":41}},"18":{"start":{"line":36,"column":2},"end":{"line":36,"column":72}},"19":{"start":{"line":39,"column":33},"end":{"line":48,"column":1}},"20":{"start":{"line":45,"column":2},"end":{"line":45,"column":25}},"21":{"start":{"line":46,"column":2},"end":{"line":46,"column":32}},"22":{"start":{"line":47,"column":2},"end":{"line":47,"column":28}}},"fnMap":{"0":{"name":"sumId","decl":{"start":{"line":5,"column":16},"end":{"line":5,"column":21}},"loc":{"start":{"line":5,"column":42},"end":{"line":9,"column":1}},"line":5},"1":{"name":"sumAmount","decl":{"start":{"line":11,"column":16},"end":{"line":11,"column":25}},"loc":{"start":{"line":11,"column":46},"end":{"line":17,"column":1}},"line":11},"2":{"name":"cauculeAmount","decl":{"start":{"line":19,"column":16},"end":{"line":19,"column":29}},"loc":{"start":{"line":19,"column":40},"end":{"line":31,"column":1}},"line":19},"3":{"name":"(anonymous_3)","decl":{"start":{"line":21,"column":19},"end":{"line":21,"column":20}},"loc":{"start":{"line":21,"column":32},"end":{"line":29,"column":3}},"line":21},"4":{"name":"subtractAmount","decl":{"start":{"line":33,"column":16},"end":{"line":33,"column":30}},"loc":{"start":{"line":33,"column":50},"end":{"line":37,"column":1}},"line":33},"5":{"name":"(anonymous_5)","decl":{"start":{"line":39,"column":33},"end":{"line":39,"column":34}},"loc":{"start":{"line":44,"column":6},"end":{"line":48,"column":1}},"line":44}},"branchMap":{"0":{"loc":{"start":{"line":5,"column":33},"end":{"line":5,"column":40}},"type":"default-arg","locations":[{"start":{"line":5,"column":39},"end":{"line":5,"column":40}}],"line":5},"1":{"loc":{"start":{"line":11,"column":37},"end":{"line":11,"column":44}},"type":"default-arg","locations":[{"start":{"line":11,"column":43},"end":{"line":11,"column":44}}],"line":11},"2":{"loc":{"start":{"line":13,"column":2},"end":{"line":16,"column":3}},"type":"if","locations":[{"start":{"line":13,"column":2},"end":{"line":16,"column":3}},{"start":{},"end":{}}],"line":13},"3":{"loc":{"start":{"line":22,"column":4},"end":{"line":28,"column":5}},"type":"if","locations":[{"start":{"line":22,"column":4},"end":{"line":28,"column":5}},{"start":{},"end":{}}],"line":22},"4":{"loc":{"start":{"line":24,"column":6},"end":{"line":27,"column":7}},"type":"if","locations":[{"start":{"line":24,"column":6},"end":{"line":27,"column":7}},{"start":{},"end":{}}],"line":24}},"s":{"0":1,"1":4,"2":4,"3":4,"4":4,"5":4,"6":4,"7":4,"8":1,"9":1,"10":1,"11":1,"12":1,"13":1,"14":1,"15":1,"16":2,"17":2,"18":2,"19":1,"20":1,"21":1,"22":1},"f":{"0":4,"1":4,"2":1,"3":1,"4":2,"5":1},"b":{"0":[0],"1":[0],"2":[4,0],"3":[1,0],"4":[1,0]},"_coverageSchema":"1a1c01bbd47fc00a2c39e90264f33305004495a9","hash":"981fc444ba51c3f542aa60b712581bdd6384ec93"}
,"/home/daniel/Documentos/Trybe-projetos/sd-023-b-project-trybewallet/src/helps/passwordValidation.js": {"path":"/home/daniel/Documentos/Trybe-projetos/sd-023-b-project-trybewallet/src/helps/passwordValidation.js","statementMap":{"0":{"start":{"line":2,"column":14},"end":{"line":2,"column":15}},"1":{"start":{"line":3,"column":23},"end":{"line":3,"column":38}},"2":{"start":{"line":4,"column":2},"end":{"line":4,"column":29}}},"fnMap":{"0":{"name":"validationPassword","decl":{"start":{"line":1,"column":9},"end":{"line":1,"column":27}},"loc":{"start":{"line":1,"column":38},"end":{"line":5,"column":1}},"line":1}},"branchMap":{},"s":{"0":18,"1":18,"2":18},"f":{"0":18},"b":{},"_coverageSchema":"1a1c01bbd47fc00a2c39e90264f33305004495a9","hash":"0127baf6ae8db8837b6baa008b523200004ace17"}
,"/home/daniel/Documentos/Trybe-projetos/sd-023-b-project-trybewallet/src/helps/requestExchangeRate.js": {"path":"/home/daniel/Documentos/Trybe-projetos/sd-023-b-project-trybewallet/src/helps/requestExchangeRate.js","statementMap":{"0":{"start":{"line":2,"column":2},"end":{"line":9,"column":3}},"1":{"start":{"line":3,"column":16},"end":{"line":3,"column":61}},"2":{"start":{"line":4,"column":21},"end":{"line":4,"column":37}},"3":{"start":{"line":5,"column":17},"end":{"line":5,"column":38}},"4":{"start":{"line":6,"column":4},"end":{"line":6,"column":16}},"5":{"start":{"line":8,"column":4},"end":{"line":8,"column":31}}},"fnMap":{"0":{"name":"requestExchangeRate","decl":{"start":{"line":1,"column":15},"end":{"line":1,"column":34}},"loc":{"start":{"line":1,"column":37},"end":{"line":10,"column":1}},"line":1}},"branchMap":{},"s":{"0":5,"1":5,"2":5,"3":5,"4":5,"5":0},"f":{"0":5},"b":{},"_coverageSchema":"1a1c01bbd47fc00a2c39e90264f33305004495a9","hash":"e72a2a67ccd2e389ed8278905fa1021382770e25"}
,"/home/daniel/Documentos/Trybe-projetos/sd-023-b-project-trybewallet/src/pages/Login.jsx": {"path":"/home/daniel/Documentos/Trybe-projetos/sd-023-b-project-trybewallet/src/pages/Login.jsx","statementMap":{"0":{"start":{"line":10,"column":4},"end":{"line":10,"column":12}},"1":{"start":{"line":12,"column":4},"end":{"line":16,"column":6}},"2":{"start":{"line":19,"column":16},"end":{"line":23,"column":3}},"3":{"start":{"line":20,"column":22},"end":{"line":20,"column":32}},"4":{"start":{"line":21,"column":45},"end":{"line":21,"column":55}},"5":{"start":{"line":22,"column":4},"end":{"line":22,"column":59}},"6":{"start":{"line":25,"column":16},"end":{"line":29,"column":3}},"7":{"start":{"line":26,"column":32},"end":{"line":26,"column":42}},"8":{"start":{"line":27,"column":22},"end":{"line":27,"column":77}},"9":{"start":{"line":28,"column":4},"end":{"line":28,"column":50}},"10":{"start":{"line":31,"column":17},"end":{"line":37,"column":3}},"11":{"start":{"line":32,"column":22},"end":{"line":32,"column":28}},"12":{"start":{"line":33,"column":21},"end":{"line":33,"column":27}},"13":{"start":{"line":34,"column":4},"end":{"line":36,"column":33}},"14":{"start":{"line":36,"column":13},"end":{"line":36,"column":31}},"15":{"start":{"line":40,"column":32},"end":{"line":40,"column":42}},"16":{"start":{"line":41,"column":4},"end":{"line":78,"column":6}},"17":{"start":{"line":82,"column":0},"end":{"line":89,"column":2}}},"fnMap":{"0":{"name":"(anonymous_0)","decl":{"start":{"line":9,"column":2},"end":{"line":9,"column":3}},"loc":{"start":{"line":9,"column":16},"end":{"line":17,"column":3}},"line":9},"1":{"name":"(anonymous_1)","decl":{"start":{"line":19,"column":16},"end":{"line":19,"column":17}},"loc":{"start":{"line":19,"column":27},"end":{"line":23,"column":3}},"line":19},"2":{"name":"(anonymous_2)","decl":{"start":{"line":25,"column":16},"end":{"line":25,"column":17}},"loc":{"start":{"line":25,"column":22},"end":{"line":29,"column":3}},"line":25},"3":{"name":"(anonymous_3)","decl":{"start":{"line":31,"column":17},"end":{"line":31,"column":18}},"loc":{"start":{"line":31,"column":33},"end":{"line":37,"column":3}},"line":31},"4":{"name":"(anonymous_4)","decl":{"start":{"line":36,"column":7},"end":{"line":36,"column":8}},"loc":{"start":{"line":36,"column":13},"end":{"line":36,"column":31}},"line":36},"5":{"name":"(anonymous_5)","decl":{"start":{"line":39,"column":2},"end":{"line":39,"column":3}},"loc":{"start":{"line":39,"column":11},"end":{"line":79,"column":3}},"line":39}},"branchMap":{"0":{"loc":{"start":{"line":27,"column":24},"end":{"line":27,"column":76}},"type":"binary-expr","locations":[{"start":{"line":27,"column":24},"end":{"line":27,"column":44}},{"start":{"line":27,"column":48},"end":{"line":27,"column":76}}],"line":27}},"s":{"0":7,"1":6,"2":6,"3":1,"4":1,"5":1,"6":6,"7":50,"8":50,"9":50,"10":6,"11":50,"12":50,"13":50,"14":50,"15":106,"16":106,"17":1},"f":{"0":7,"1":1,"2":50,"3":50,"4":50,"5":106},"b":{"0":[50,18]},"_coverageSchema":"1a1c01bbd47fc00a2c39e90264f33305004495a9","hash":"1e65b766d7a3d996597d72315119c12c260c010f"}
,"/home/daniel/Documentos/Trybe-projetos/sd-023-b-project-trybewallet/src/pages/Wallet.jsx": {"path":"/home/daniel/Documentos/Trybe-projetos/sd-023-b-project-trybewallet/src/pages/Wallet.jsx","statementMap":{"0":{"start":{"line":9,"column":4},"end":{"line":15,"column":6}},"1":{"start":{"line":19,"column":24},"end":{"line":21,"column":2}},"2":{"start":{"line":19,"column":36},"end":{"line":21,"column":1}}},"fnMap":{"0":{"name":"(anonymous_0)","decl":{"start":{"line":8,"column":2},"end":{"line":8,"column":3}},"loc":{"start":{"line":8,"column":11},"end":{"line":16,"column":3}},"line":8},"1":{"name":"(anonymous_1)","decl":{"start":{"line":19,"column":24},"end":{"line":19,"column":25}},"loc":{"start":{"line":19,"column":36},"end":{"line":21,"column":1}},"line":19}},"branchMap":{},"s":{"0":6,"1":1,"2":24},"f":{"0":6,"1":24},"b":{},"_coverageSchema":"1a1c01bbd47fc00a2c39e90264f33305004495a9","hash":"ef6f02157e38414c711bc8b424a0e66cc4b73c39"}
,"/home/daniel/Documentos/Trybe-projetos/sd-023-b-project-trybewallet/src/redux/actions/deleteOrEditExpense.js": {"path":"/home/daniel/Documentos/Trybe-projetos/sd-023-b-project-trybewallet/src/redux/actions/deleteOrEditExpense.js","statementMap":{"0":{"start":{"line":1,"column":29},"end":{"line":1,"column":44}},"1":{"start":{"line":2,"column":28},"end":{"line":2,"column":42}},"2":{"start":{"line":3,"column":25},"end":{"line":3,"column":36}},"3":{"start":{"line":5,"column":28},"end":{"line":8,"column":2}},"4":{"start":{"line":5,"column":42},"end":{"line":8,"column":1}},"5":{"start":{"line":10,"column":27},"end":{"line":13,"column":2}},"6":{"start":{"line":10,"column":41},"end":{"line":13,"column":1}},"7":{"start":{"line":15,"column":30},"end":{"line":18,"column":2}},"8":{"start":{"line":15,"column":44},"end":{"line":18,"column":1}}},"fnMap":{"0":{"name":"(anonymous_0)","decl":{"start":{"line":5,"column":28},"end":{"line":5,"column":29}},"loc":{"start":{"line":5,"column":42},"end":{"line":8,"column":1}},"line":5},"1":{"name":"(anonymous_1)","decl":{"start":{"line":10,"column":27},"end":{"line":10,"column":28}},"loc":{"start":{"line":10,"column":41},"end":{"line":13,"column":1}},"line":10},"2":{"name":"(anonymous_2)","decl":{"start":{"line":15,"column":30},"end":{"line":15,"column":31}},"loc":{"start":{"line":15,"column":44},"end":{"line":18,"column":1}},"line":15}},"branchMap":{},"s":{"0":1,"1":1,"2":1,"3":1,"4":2,"5":1,"6":1,"7":1,"8":1},"f":{"0":2,"1":1,"2":1},"b":{},"_coverageSchema":"1a1c01bbd47fc00a2c39e90264f33305004495a9","hash":"b70aa4873b7431bf5492f77ec9bba84f9d4c5157"}
,"/home/daniel/Documentos/Trybe-projetos/sd-023-b-project-trybewallet/src/redux/actions/index.js": {"path":"/home/daniel/Documentos/Trybe-projetos/sd-023-b-project-trybewallet/src/redux/actions/index.js","statementMap":{"0":{"start":{"line":2,"column":25},"end":{"line":2,"column":36}},"1":{"start":{"line":3,"column":27},"end":{"line":3,"column":40}},"2":{"start":{"line":6,"column":2},"end":{"line":9,"column":4}},"3":{"start":{"line":13,"column":2},"end":{"line":16,"column":4}}},"fnMap":{"0":{"name":"addUserEmail","decl":{"start":{"line":5,"column":16},"end":{"line":5,"column":28}},"loc":{"start":{"line":5,"column":38},"end":{"line":10,"column":1}},"line":5},"1":{"name":"addExpense","decl":{"start":{"line":12,"column":16},"end":{"line":12,"column":26}},"loc":{"start":{"line":12,"column":36},"end":{"line":17,"column":1}},"line":12}},"branchMap":{},"s":{"0":1,"1":1,"2":1,"3":4},"f":{"0":1,"1":4},"b":{},"_coverageSchema":"1a1c01bbd47fc00a2c39e90264f33305004495a9","hash":"15495b5c5a5463250e8a6cc3ca44dc3535c2c6c7"}
,"/home/daniel/Documentos/Trybe-projetos/sd-023-b-project-trybewallet/src/redux/actions/requestCurrencys.js": {"path":"/home/daniel/Documentos/Trybe-projetos/sd-023-b-project-trybewallet/src/redux/actions/requestCurrencys.js","statementMap":{"0":{"start":{"line":1,"column":25},"end":{"line":1,"column":36}},"1":{"start":{"line":2,"column":31},"end":{"line":2,"column":48}},"2":{"start":{"line":3,"column":30},"end":{"line":3,"column":46}},"3":{"start":{"line":6,"column":2},"end":{"line":8,"column":4}},"4":{"start":{"line":12,"column":2},"end":{"line":15,"column":4}},"5":{"start":{"line":19,"column":2},"end":{"line":22,"column":4}},"6":{"start":{"line":26,"column":2},"end":{"line":36,"column":4}},"7":{"start":{"line":27,"column":4},"end":{"line":27,"column":35}},"8":{"start":{"line":28,"column":4},"end":{"line":35,"column":5}},"9":{"start":{"line":29,"column":18},"end":{"line":29,"column":63}},"10":{"start":{"line":30,"column":23},"end":{"line":30,"column":39}},"11":{"start":{"line":31,"column":19},"end":{"line":31,"column":40}},"12":{"start":{"line":32,"column":6},"end":{"line":32,"column":42}},"13":{"start":{"line":34,"column":6},"end":{"line":34,"column":50}}},"fnMap":{"0":{"name":"requestStateLoding","decl":{"start":{"line":5,"column":9},"end":{"line":5,"column":27}},"loc":{"start":{"line":5,"column":30},"end":{"line":9,"column":1}},"line":5},"1":{"name":"requestStateSuccess","decl":{"start":{"line":11,"column":9},"end":{"line":11,"column":28}},"loc":{"start":{"line":11,"column":38},"end":{"line":16,"column":1}},"line":11},"2":{"name":"requestStateFilure","decl":{"start":{"line":18,"column":9},"end":{"line":18,"column":27}},"loc":{"start":{"line":18,"column":37},"end":{"line":23,"column":1}},"line":18},"3":{"name":"requestingCurrency","decl":{"start":{"line":25,"column":9},"end":{"line":25,"column":27}},"loc":{"start":{"line":25,"column":30},"end":{"line":37,"column":1}},"line":25},"4":{"name":"(anonymous_4)","decl":{"start":{"line":26,"column":9},"end":{"line":26,"column":10}},"loc":{"start":{"line":26,"column":29},"end":{"line":36,"column":3}},"line":26}},"branchMap":{},"s":{"0":1,"1":1,"2":1,"3":6,"4":4,"5":0,"6":6,"7":6,"8":6,"9":6,"10":6,"11":4,"12":4,"13":0},"f":{"0":6,"1":4,"2":0,"3":6,"4":6},"b":{},"_coverageSchema":"1a1c01bbd47fc00a2c39e90264f33305004495a9","hash":"4b3f2e4302a43598e0d63c7455b6e4521aad3855"}
,"/home/daniel/Documentos/Trybe-projetos/sd-023-b-project-trybewallet/src/redux/reducers/index.js": {"path":"/home/daniel/Documentos/Trybe-projetos/sd-023-b-project-trybewallet/src/redux/reducers/index.js","statementMap":{"0":{"start":{"line":7,"column":20},"end":{"line":10,"column":2}}},"fnMap":{},"branchMap":{},"s":{"0":1},"f":{},"b":{},"_coverageSchema":"1a1c01bbd47fc00a2c39e90264f33305004495a9","hash":"674e0c35e81db453a1b946d2aa02a392658334ec"}
,"/home/daniel/Documentos/Trybe-projetos/sd-023-b-project-trybewallet/src/redux/reducers/user.js": {"path":"/home/daniel/Documentos/Trybe-projetos/sd-023-b-project-trybewallet/src/redux/reducers/user.js","statementMap":{"0":{"start":{"line":4,"column":22},"end":{"line":6,"column":1}},"1":{"start":{"line":9,"column":2},"end":{"line":17,"column":3}},"2":{"start":{"line":11,"column":4},"end":{"line":14,"column":6}},"3":{"start":{"line":16,"column":4},"end":{"line":16,"column":17}}},"fnMap":{"0":{"name":"userReducer","decl":{"start":{"line":8,"column":9},"end":{"line":8,"column":20}},"loc":{"start":{"line":8,"column":52},"end":{"line":18,"column":1}},"line":8}},"branchMap":{"0":{"loc":{"start":{"line":8,"column":21},"end":{"line":8,"column":42}},"type":"default-arg","locations":[{"start":{"line":8,"column":29},"end":{"line":8,"column":42}}],"line":8},"1":{"loc":{"start":{"line":9,"column":2},"end":{"line":17,"column":3}},"type":"switch","locations":[{"start":{"line":10,"column":2},"end":{"line":14,"column":6}},{"start":{"line":15,"column":2},"end":{"line":16,"column":17}}],"line":9}},"s":{"0":1,"1":30,"2":1,"3":29},"f":{"0":30},"b":{"0":[9],"1":[1,29]},"_coverageSchema":"1a1c01bbd47fc00a2c39e90264f33305004495a9","hash":"f1c28a99f97591401b0900d78df590c2e5f6da88"}
,"/home/daniel/Documentos/Trybe-projetos/sd-023-b-project-trybewallet/src/redux/reducers/wallet.js": {"path":"/home/daniel/Documentos/Trybe-projetos/sd-023-b-project-trybewallet/src/redux/reducers/wallet.js","statementMap":{"0":{"start":{"line":15,"column":22},"end":{"line":22,"column":1}},"1":{"start":{"line":25,"column":2},"end":{"line":59,"column":3}},"2":{"start":{"line":27,"column":4},"end":{"line":30,"column":6}},"3":{"start":{"line":29,"column":64},"end":{"line":29,"column":79}},"4":{"start":{"line":32,"column":4},"end":{"line":37,"column":6}},"5":{"start":{"line":39,"column":4},"end":{"line":44,"column":6}},"6":{"start":{"line":46,"column":4},"end":{"line":50,"column":6}},"7":{"start":{"line":52,"column":4},"end":{"line":56,"column":6}},"8":{"start":{"line":58,"column":4},"end":{"line":58,"column":24}}},"fnMap":{"0":{"name":"walletReducer","decl":{"start":{"line":24,"column":9},"end":{"line":24,"column":22}},"loc":{"start":{"line":24,"column":54},"end":{"line":60,"column":1}},"line":24},"1":{"name":"(anonymous_1)","decl":{"start":{"line":29,"column":54},"end":{"line":29,"column":55}},"loc":{"start":{"line":29,"column":64},"end":{"line":29,"column":79}},"line":29}},"branchMap":{"0":{"loc":{"start":{"line":24,"column":23},"end":{"line":24,"column":44}},"type":"default-arg","locations":[{"start":{"line":24,"column":31},"end":{"line":24,"column":44}}],"line":24},"1":{"loc":{"start":{"line":25,"column":2},"end":{"line":59,"column":3}},"type":"switch","locations":[{"start":{"line":26,"column":2},"end":{"line":30,"column":6}},{"start":{"line":31,"column":2},"end":{"line":37,"column":6}},{"start":{"line":38,"column":2},"end":{"line":44,"column":6}},{"start":{"line":45,"column":2},"end":{"line":50,"column":6}},{"start":{"line":51,"column":2},"end":{"line":56,"column":6}},{"start":{"line":57,"column":2},"end":{"line":58,"column":24}}],"line":25}},"s":{"0":1,"1":30,"2":4,"3":64,"4":4,"5":1,"6":1,"7":2,"8":18},"f":{"0":30,"1":64},"b":{"0":[10],"1":[4,4,1,1,2,18]},"_coverageSchema":"1a1c01bbd47fc00a2c39e90264f33305004495a9","hash":"962d10466aaf6b4af57974c758ca1334fed9a846"}
}
