{"total": {"lines":{"total":159,"covered":130,"skipped":0,"pct":81.76},"statements":{"total":168,"covered":135,"skipped":0,"pct":80.35},"functions":{"total":62,"covered":47,"skipped":0,"pct":75.8},"branches":{"total":54,"covered":37,"skipped":0,"pct":68.51},"branchesTrue":{"total":0,"covered":0,"skipped":0,"pct":100}}
,"/home/daniel/Documentos/Trybe-projetos/sd-023-b-project-trybewallet/src/App.js": {"lines":{"total":3,"covered":3,"skipped":0,"pct":100},"functions":{"total":3,"covered":3,"skipped":0,"pct":100},"statements":{"total":3,"covered":3,"skipped":0,"pct":100},"branches":{"total":0,"covered":0,"skipped":0,"pct":100}}
,"/home/daniel/Documentos/Trybe-projetos/sd-023-b-project-trybewallet/src/components/Header.jsx": {"lines":{"total":4,"covered":4,"skipped":0,"pct":100},"functions":{"total":2,"covered":2,"skipped":0,"pct":100},"statements":{"total":5,"covered":5,"skipped":0,"pct":100},"branches":{"total":0,"covered":0,"skipped":0,"pct":100}}
,"/home/daniel/Documentos/Trybe-projetos/sd-023-b-project-trybewallet/src/components/RowExpense.jsx": {"lines":{"total":13,"covered":9,"skipped":0,"pct":69.23},"functions":{"total":6,"covered":3,"skipped":0,"pct":50},"statements":{"total":14,"covered":10,"skipped":0,"pct":71.42},"branches":{"total":22,"covered":20,"skipped":0,"pct":90.9}}
,"/home/daniel/Documentos/Trybe-projetos/sd-023-b-project-trybewallet/src/components/Table.jsx": {"lines":{"total":9,"covered":9,"skipped":0,"pct":100},"functions":{"total":5,"covered":5,"skipped":0,"pct":100},"statements":{"total":10,"covered":10,"skipped":0,"pct":100},"branches":{"total":2,"covered":2,"skipped":0,"pct":100}}
,"/home/daniel/Documentos/Trybe-projetos/sd-023-b-project-trybewallet/src/components/WalletForm.jsx": {"lines":{"total":33,"covered":30,"skipped":0,"pct":90.9},"functions":{"total":12,"covered":11,"skipped":0,"pct":91.66},"statements":{"total":34,"covered":31,"skipped":0,"pct":91.17},"branches":{"total":8,"covered":5,"skipped":0,"pct":62.5}}
,"/home/daniel/Documentos/Trybe-projetos/sd-023-b-project-trybewallet/src/helps/deletExpense.js": {"lines":{"total":2,"covered":0,"skipped":0,"pct":0},"functions":{"total":2,"covered":0,"skipped":0,"pct":0},"statements":{"total":3,"covered":0,"skipped":0,"pct":0},"branches":{"total":0,"covered":0,"skipped":0,"pct":100}}
,"/home/daniel/Documentos/Trybe-projetos/sd-023-b-project-trybewallet/src/helps/editExpense.js": {"lines":{"total":3,"covered":0,"skipped":0,"pct":0},"functions":{"total":2,"covered":0,"skipped":0,"pct":0},"statements":{"total":3,"covered":0,"skipped":0,"pct":0},"branches":{"total":2,"covered":0,"skipped":0,"pct":0}}
,"/home/daniel/Documentos/Trybe-projetos/sd-023-b-project-trybewallet/src/helps/emailValidation.js": {"lines":{"total":2,"covered":2,"skipped":0,"pct":100},"functions":{"total":1,"covered":1,"skipped":0,"pct":100},"statements":{"total":2,"covered":2,"skipped":0,"pct":100},"branches":{"total":0,"covered":0,"skipped":0,"pct":100}}
,"/home/daniel/Documentos/Trybe-projetos/sd-023-b-project-trybewallet/src/helps/index.js": {"lines":{"total":23,"covered":12,"skipped":0,"pct":52.17},"functions":{"total":6,"covered":3,"skipped":0,"pct":50},"statements":{"total":23,"covered":12,"skipped":0,"pct":52.17},"branches":{"total":8,"covered":1,"skipped":0,"pct":12.5}}
,"/home/daniel/Documentos/Trybe-projetos/sd-023-b-project-trybewallet/src/helps/passwordValidation.js": {"lines":{"total":3,"covered":3,"skipped":0,"pct":100},"functions":{"total":1,"covered":1,"skipped":0,"pct":100},"statements":{"total":3,"covered":3,"skipped":0,"pct":100},"branches":{"total":0,"covered":0,"skipped":0,"pct":100}}
,"/home/daniel/Documentos/Trybe-projetos/sd-023-b-project-trybewallet/src/helps/requestExchangeRate.js": {"lines":{"total":6,"covered":5,"skipped":0,"pct":83.33},"functions":{"total":1,"covered":1,"skipped":0,"pct":100},"statements":{"total":6,"covered":5,"skipped":0,"pct":83.33},"branches":{"total":0,"covered":0,"skipped":0,"pct":100}}
,"/home/daniel/Documentos/Trybe-projetos/sd-023-b-project-trybewallet/src/pages/Login.jsx": {"lines":{"total":18,"covered":18,"skipped":0,"pct":100},"functions":{"total":6,"covered":6,"skipped":0,"pct":100},"statements":{"total":18,"covered":18,"skipped":0,"pct":100},"branches":{"total":2,"covered":2,"skipped":0,"pct":100}}
,"/home/daniel/Documentos/Trybe-projetos/sd-023-b-project-trybewallet/src/pages/Wallet.jsx": {"lines":{"total":2,"covered":2,"skipped":0,"pct":100},"functions":{"total":2,"covered":2,"skipped":0,"pct":100},"statements":{"total":3,"covered":3,"skipped":0,"pct":100},"branches":{"total":0,"covered":0,"skipped":0,"pct":100}}
,"/home/daniel/Documentos/Trybe-projetos/sd-023-b-project-trybewallet/src/redux/actions/deleteOrEditExpense.js": {"lines":{"total":6,"covered":6,"skipped":0,"pct":100},"functions":{"total":3,"covered":0,"skipped":0,"pct":0},"statements":{"total":9,"covered":6,"skipped":0,"pct":66.66},"branches":{"total":0,"covered":0,"skipped":0,"pct":100}}
,"/home/daniel/Documentos/Trybe-projetos/sd-023-b-project-trybewallet/src/redux/actions/index.js": {"lines":{"total":4,"covered":4,"skipped":0,"pct":100},"functions":{"total":2,"covered":2,"skipped":0,"pct":100},"statements":{"total":4,"covered":4,"skipped":0,"pct":100},"branches":{"total":0,"covered":0,"skipped":0,"pct":100}}
,"/home/daniel/Documentos/Trybe-projetos/sd-023-b-project-trybewallet/src/redux/actions/requestCurrencys.js": {"lines":{"total":14,"covered":12,"skipped":0,"pct":85.71},"functions":{"total":5,"covered":4,"skipped":0,"pct":80},"statements":{"total":14,"covered":12,"skipped":0,"pct":85.71},"branches":{"total":0,"covered":0,"skipped":0,"pct":100}}
,"/home/daniel/Documentos/Trybe-projetos/sd-023-b-project-trybewallet/src/redux/reducers/index.js": {"lines":{"total":1,"covered":1,"skipped":0,"pct":100},"functions":{"total":0,"covered":0,"skipped":0,"pct":100},"statements":{"total":1,"covered":1,"skipped":0,"pct":100},"branches":{"total":0,"covered":0,"skipped":0,"pct":100}}
,"/home/daniel/Documentos/Trybe-projetos/sd-023-b-project-trybewallet/src/redux/reducers/user.js": {"lines":{"total":4,"covered":4,"skipped":0,"pct":100},"functions":{"total":1,"covered":1,"skipped":0,"pct":100},"statements":{"total":4,"covered":4,"skipped":0,"pct":100},"branches":{"total":3,"covered":3,"skipped":0,"pct":100}}
,"/home/daniel/Documentos/Trybe-projetos/sd-023-b-project-trybewallet/src/redux/reducers/wallet.js": {"lines":{"total":9,"covered":6,"skipped":0,"pct":66.66},"functions":{"total":2,"covered":2,"skipped":0,"pct":100},"statements":{"total":9,"covered":6,"skipped":0,"pct":66.66},"branches":{"total":7,"covered":4,"skipped":0,"pct":57.14}}
,"/home/daniel/Documentos/Trybe-projetos/sd-023-b-project-trybewallet/src/test/mocks/fetchMock.js": {"lines":{"total":0,"covered":0,"skipped":0,"pct":100},"functions":{"total":0,"covered":0,"skipped":0,"pct":100},"statements":{"total":0,"covered":0,"skipped":0,"pct":100},"branches":{"total":0,"covered":0,"skipped":0,"pct":100}}
}
