TN:
SF:src/App.js
FN:6,App
FN:12,(anonymous_1)
FN:18,(anonymous_2)
FNF:3
FNH:3
FNDA:8,App
FNDA:4,(anonymous_1)
FNDA:6,(anonymous_2)
DA:7,8
DA:12,4
DA:18,6
LF:3
LH:3
BRF:0
BRH:0
end_of_record
TN:
SF:src/components/Header.jsx
FN:6,(anonymous_0)
FN:19,(anonymous_1)
FNF:2
FNH:2
FNDA:13,(anonymous_0)
FNDA:24,(anonymous_1)
DA:7,13
DA:8,13
DA:19,24
DA:24,1
LF:4
LH:4
BRF:0
BRH:0
end_of_record
TN:
SF:src/components/RowExpense.jsx
FN:7,(anonymous_0)
FN:9,(anonymous_1)
FN:14,(anonymous_2)
FN:31,(anonymous_3)
FN:44,(anonymous_4)
FN:53,(anonymous_5)
FNF:6
FNH:6
FNDA:15,(anonymous_0)
FNDA:3,(anonymous_1)
FNDA:5,(anonymous_2)
FNDA:45,(anonymous_3)
FNDA:1,(anonymous_4)
FNDA:2,(anonymous_5)
DA:7,15
DA:9,4
DA:10,3
DA:11,3
DA:15,5
DA:16,5
DA:17,5
DA:18,5
DA:30,5
DA:32,45
DA:44,1
DA:53,2
DA:66,1
LF:13
LH:13
BRDA:11,0,0,2
BRDA:11,0,1,1
BRDA:33,1,0,45
BRDA:33,1,1,5
BRDA:34,2,0,45
BRDA:34,2,1,5
BRDA:35,3,0,45
BRDA:35,3,1,5
BRDA:36,4,0,45
BRDA:36,4,1,5
BRDA:37,5,0,45
BRDA:37,5,1,5
BRDA:38,6,0,45
BRDA:38,6,1,5
BRDA:39,7,0,45
BRDA:39,7,1,5
BRDA:41,8,0,45
BRDA:41,8,1,5
BRDA:42,9,0,45
BRDA:42,9,1,5
BRDA:51,10,0,45
BRDA:51,10,1,5
BRF:22
BRH:22
end_of_record
TN:
SF:src/components/Table.jsx
FN:8,(anonymous_0)
FN:26,(anonymous_1)
FN:32,(anonymous_2)
FN:38,(anonymous_3)
FN:54,(anonymous_4)
FNF:5
FNH:5
FNDA:7,(anonymous_0)
FNDA:13,(anonymous_1)
FNDA:117,(anonymous_2)
FNDA:5,(anonymous_3)
FNDA:24,(anonymous_4)
DA:9,7
DA:11,6
DA:27,13
DA:28,13
DA:29,13
DA:33,117
DA:39,5
DA:50,1
DA:54,24
LF:9
LH:9
BRDA:37,0,0,13
BRDA:37,0,1,5
BRF:2
BRH:2
end_of_record
TN:
SF:src/components/WalletForm.jsx
FN:11,(anonymous_0)
FN:37,(anonymous_1)
FN:42,(anonymous_2)
FN:65,(anonymous_3)
FN:73,(anonymous_4)
FN:83,(anonymous_5)
FN:89,(anonymous_6)
FN:109,(anonymous_7)
FN:159,(anonymous_8)
FN:181,(anonymous_9)
FN:203,(anonymous_10)
FN:224,(anonymous_11)
FNF:12
FNH:12
FNDA:7,(anonymous_0)
FNDA:6,(anonymous_1)
FNDA:98,(anonymous_2)
FNDA:77,(anonymous_3)
FNDA:5,(anonymous_4)
FNDA:5,(anonymous_5)
FNDA:5,(anonymous_6)
FNDA:104,(anonymous_7)
FNDA:660,(anonymous_8)
FNDA:312,(anonymous_9)
FNDA:520,(anonymous_10)
FNDA:24,(anonymous_11)
DA:12,7
DA:14,6
DA:38,6
DA:39,6
DA:43,98
DA:44,98
DA:45,98
DA:53,1
DA:54,1
DA:65,6
DA:66,77
DA:67,77
DA:68,77
DA:73,6
DA:74,5
DA:83,6
DA:84,5
DA:85,5
DA:86,5
DA:87,5
DA:98,5
DA:100,5
DA:102,5
DA:104,5
DA:106,5
DA:118,104
DA:119,104
DA:120,104
DA:160,660
DA:182,312
DA:204,520
DA:224,24
DA:231,1
LF:33
LH:33
BRDA:45,0,0,1
BRDA:45,0,1,97
BRDA:45,1,0,98
BRDA:45,1,1,10
BRDA:104,2,0,1
BRDA:104,2,1,4
BRDA:216,3,0,26
BRDA:216,3,1,78
BRF:8
BRH:8
end_of_record
TN:
SF:src/helps/deletExpense.js
FN:1,deletExpenses
FN:2,(anonymous_1)
FNF:2
FNH:2
FNDA:2,deletExpenses
FNDA:2,(anonymous_1)
DA:2,2
DA:3,2
LF:2
LH:2
BRF:0
BRH:0
end_of_record
TN:
SF:src/helps/editExpense.js
FN:1,editExpenses
FN:2,(anonymous_1)
FNF:2
FNH:2
FNDA:2,editExpenses
FNDA:2,(anonymous_1)
DA:2,2
DA:3,2
DA:4,2
LF:3
LH:3
BRDA:3,0,0,2
BRDA:3,0,1,0
BRF:2
BRH:1
end_of_record
TN:
SF:src/helps/emailValidation.js
FN:1,validateEmail
FNF:1
FNH:1
FNDA:50,validateEmail
DA:2,50
DA:3,50
LF:2
LH:2
BRF:0
BRH:0
end_of_record
TN:
SF:src/helps/index.js
FN:5,sumId
FN:11,sumAmount
FN:19,cauculeAmount
FN:21,(anonymous_3)
FN:33,subtractAmount
FN:39,(anonymous_5)
FNF:6
FNH:6
FNDA:4,sumId
FNDA:4,sumAmount
FNDA:1,cauculeAmount
FNDA:1,(anonymous_3)
FNDA:2,subtractAmount
FNDA:1,(anonymous_5)
DA:3,1
DA:6,4
DA:7,4
DA:8,4
DA:12,4
DA:13,4
DA:14,4
DA:15,4
DA:20,1
DA:21,1
DA:22,1
DA:23,1
DA:24,1
DA:25,1
DA:26,1
DA:30,1
DA:34,2
DA:35,2
DA:36,2
DA:39,1
DA:45,1
DA:46,1
DA:47,1
LF:23
LH:23
BRDA:5,0,0,0
BRDA:11,1,0,0
BRDA:13,2,0,4
BRDA:13,2,1,0
BRDA:22,3,0,1
BRDA:22,3,1,0
BRDA:24,4,0,1
BRDA:24,4,1,0
BRF:8
BRH:3
end_of_record
TN:
SF:src/helps/passwordValidation.js
FN:1,validationPassword
FNF:1
FNH:1
FNDA:18,validationPassword
DA:2,18
DA:3,18
DA:4,18
LF:3
LH:3
BRF:0
BRH:0
end_of_record
TN:
SF:src/helps/requestExchangeRate.js
FN:1,requestExchangeRate
FNF:1
FNH:1
FNDA:5,requestExchangeRate
DA:2,5
DA:3,5
DA:4,5
DA:5,5
DA:6,5
DA:8,0
LF:6
LH:5
BRF:0
BRH:0
end_of_record
TN:
SF:src/pages/Login.jsx
FN:9,(anonymous_0)
FN:19,(anonymous_1)
FN:25,(anonymous_2)
FN:31,(anonymous_3)
FN:36,(anonymous_4)
FN:39,(anonymous_5)
FNF:6
FNH:6
FNDA:7,(anonymous_0)
FNDA:1,(anonymous_1)
FNDA:50,(anonymous_2)
FNDA:50,(anonymous_3)
FNDA:50,(anonymous_4)
FNDA:106,(anonymous_5)
DA:10,7
DA:12,6
DA:19,6
DA:20,1
DA:21,1
DA:22,1
DA:25,6
DA:26,50
DA:27,50
DA:28,50
DA:31,6
DA:32,50
DA:33,50
DA:34,50
DA:36,50
DA:40,106
DA:41,106
DA:82,1
LF:18
LH:18
BRDA:27,0,0,50
BRDA:27,0,1,18
BRF:2
BRH:2
end_of_record
TN:
SF:src/pages/Wallet.jsx
FN:8,(anonymous_0)
FN:19,(anonymous_1)
FNF:2
FNH:2
FNDA:6,(anonymous_0)
FNDA:24,(anonymous_1)
DA:9,6
DA:19,24
LF:2
LH:2
BRF:0
BRH:0
end_of_record
TN:
SF:src/redux/actions/deleteOrEditExpense.js
FN:5,(anonymous_0)
FN:10,(anonymous_1)
FN:15,(anonymous_2)
FNF:3
FNH:3
FNDA:2,(anonymous_0)
FNDA:1,(anonymous_1)
FNDA:1,(anonymous_2)
DA:1,1
DA:2,1
DA:3,1
DA:5,2
DA:10,1
DA:15,1
LF:6
LH:6
BRF:0
BRH:0
end_of_record
TN:
SF:src/redux/actions/index.js
FN:5,addUserEmail
FN:12,addExpense
FNF:2
FNH:2
FNDA:1,addUserEmail
FNDA:4,addExpense
DA:2,1
DA:3,1
DA:6,1
DA:13,4
LF:4
LH:4
BRF:0
BRH:0
end_of_record
TN:
SF:src/redux/actions/requestCurrencys.js
FN:5,requestStateLoding
FN:11,requestStateSuccess
FN:18,requestStateFilure
FN:25,requestingCurrency
FN:26,(anonymous_4)
FNF:5
FNH:4
FNDA:6,requestStateLoding
FNDA:4,requestStateSuccess
FNDA:0,requestStateFilure
FNDA:6,requestingCurrency
FNDA:6,(anonymous_4)
DA:1,1
DA:2,1
DA:3,1
DA:6,6
DA:12,4
DA:19,0
DA:26,6
DA:27,6
DA:28,6
DA:29,6
DA:30,6
DA:31,4
DA:32,4
DA:34,0
LF:14
LH:12
BRF:0
BRH:0
end_of_record
TN:
SF:src/redux/reducers/index.js
FNF:0
FNH:0
DA:7,1
LF:1
LH:1
BRF:0
BRH:0
end_of_record
TN:
SF:src/redux/reducers/user.js
FN:8,userReducer
FNF:1
FNH:1
FNDA:30,userReducer
DA:4,1
DA:9,30
DA:11,1
DA:16,29
LF:4
LH:4
BRDA:8,0,0,9
BRDA:9,1,0,1
BRDA:9,1,1,29
BRF:3
BRH:3
end_of_record
TN:
SF:src/redux/reducers/wallet.js
FN:24,walletReducer
FN:29,(anonymous_1)
FNF:2
FNH:2
FNDA:30,walletReducer
FNDA:64,(anonymous_1)
DA:15,1
DA:25,30
DA:27,4
DA:29,64
DA:32,4
DA:39,1
DA:46,1
DA:52,2
DA:58,18
LF:9
LH:9
BRDA:24,0,0,10
BRDA:25,1,0,4
BRDA:25,1,1,4
BRDA:25,1,2,1
BRDA:25,1,3,1
BRDA:25,1,4,2
BRDA:25,1,5,18
BRF:7
BRH:7
end_of_record
